2018-04-02 11:49:03,274 [Worker-1] INFO  c.g.t.t.d.PublishedGradleVersions - Gradle version information cache is up-to-date. Trying to read.
2018-04-02 11:51:34,038 [Worker-2] INFO  c.g.t.t.d.PublishedGradleVersions - Gradle version information cache is up-to-date. Trying to read.
2018-04-02 11:52:08,359 [Worker-13] INFO  o.e.m.c.i.l.LifecycleMappingFactory - Using org.maven.ide.eclipse.wtp.WarLifecycleMapping lifecycle mapping for MavenProject: com.carleton.comp3000:minix-web-service:0.0.1-SNAPSHOT @ C:\Users\Tri Cao\Desktop\Project\minix-web-service-desktop\pom.xml.
2018-04-02 11:52:10,504 [Worker-13] INFO  o.e.m.j.i.AbstractJavaProjectConfigurator - Adding source folder /minix-web-service-desktop/src/main/java
2018-04-02 11:52:10,504 [Worker-13] INFO  o.e.m.j.i.AbstractJavaProjectConfigurator - Adding resource folder /minix-web-service-desktop/src/main/resources
2018-04-02 11:52:10,507 [Worker-13] INFO  o.e.m.j.i.AbstractJavaProjectConfigurator - Adding source folder /minix-web-service-desktop/src/test/java
2018-04-02 11:52:12,258 [Worker-13] INFO  o.e.m.c.i.p.ProjectConfigurationManager - Imported and configured 1 project(s) in 5 sec
2018-04-02 11:52:14,631 [Worker-10] INFO  o.e.m.c.i.embedder.EclipseLogger - Using 'UTF-8' encoding to copy filtered resources.
2018-04-02 11:52:14,635 [Worker-10] INFO  o.e.m.c.i.embedder.EclipseLogger - Copying 0 resource
2018-04-02 11:52:14,636 [Worker-10] INFO  o.e.m.c.i.embedder.EclipseLogger - Using 'UTF-8' encoding to copy filtered resources.
2018-04-02 11:52:14,637 [Worker-10] INFO  o.e.m.c.i.embedder.EclipseLogger - skip non existing resourceDirectory C:\Users\Tri Cao\Desktop\Project\minix-web-service-desktop\src\test\resources
2018-04-02 11:57:40,108 [Worker-5] INFO  c.g.t.t.d.PublishedGradleVersions - Gradle version information cache is up-to-date. Trying to read.
2018-04-02 11:57:46,032 [Worker-15] INFO  o.e.m.c.i.embedder.EclipseLogger - Using 'UTF-8' encoding to copy filtered resources.
2018-04-02 11:57:46,036 [Worker-15] INFO  o.e.m.c.i.embedder.EclipseLogger - Copying 0 resource
2018-04-02 11:57:46,039 [Worker-15] INFO  o.e.m.c.i.embedder.EclipseLogger - Using 'UTF-8' encoding to copy filtered resources.
2018-04-02 11:57:46,040 [Worker-15] INFO  o.e.m.c.i.embedder.EclipseLogger - skip non existing resourceDirectory C:\Users\Tri Cao\Desktop\Project\minix-web-service-desktop\src\test\resources
2018-04-02 16:03:40,352 [Worker-105] INFO  o.e.m.c.i.l.LifecycleMappingFactory - Using org.maven.ide.eclipse.wtp.WarLifecycleMapping lifecycle mapping for MavenProject: com.carleton.comp3000:minix-web-service:0.0.1-SNAPSHOT @ C:\Users\Tri Cao\Desktop\Project\minix-web-service\pom.xml.
2018-04-02 16:03:47,823 [Worker-105] INFO  o.e.m.j.i.AbstractJavaProjectConfigurator - Adding source folder /minix-web-service/src/main/java
2018-04-02 16:03:47,824 [Worker-105] INFO  o.e.m.j.i.AbstractJavaProjectConfigurator - Adding resource folder /minix-web-service/src/main/resources
2018-04-02 16:03:47,825 [Worker-105] INFO  o.e.m.j.i.AbstractJavaProjectConfigurator - Adding source folder /minix-web-service/src/test/java
2018-04-02 16:03:49,030 [Worker-105] INFO  o.e.m.c.i.p.ProjectConfigurationManager - Imported and configured 1 project(s) in 14 sec
2018-04-02 16:03:52,882 [Worker-99] INFO  o.e.m.c.i.embedder.EclipseLogger - Using 'UTF-8' encoding to copy filtered resources.
2018-04-02 16:03:52,883 [Worker-99] INFO  o.e.m.c.i.embedder.EclipseLogger - Copying 0 resource
2018-04-02 16:03:52,886 [Worker-99] INFO  o.e.m.c.i.embedder.EclipseLogger - Using 'UTF-8' encoding to copy filtered resources.
2018-04-02 16:03:52,886 [Worker-99] INFO  o.e.m.c.i.embedder.EclipseLogger - skip non existing resourceDirectory C:\Users\Tri Cao\Desktop\Project\minix-web-service\src\test\resources
2018-04-02 16:04:38,413 [Worker-105] INFO  o.e.m.c.i.embedder.EclipseLogger - Using 'UTF-8' encoding to copy filtered resources.
2018-04-02 16:04:38,414 [Worker-105] INFO  o.e.m.c.i.embedder.EclipseLogger - Copying 0 resource
2018-04-02 16:04:38,502 [Worker-105] INFO  o.e.m.c.i.embedder.EclipseLogger - Using 'UTF-8' encoding to copy filtered resources.
2018-04-02 16:04:38,502 [Worker-105] INFO  o.e.m.c.i.embedder.EclipseLogger - skip non existing resourceDirectory C:\Users\Tri Cao\Desktop\Project\minix-web-service\src\test\resources
2018-04-02 16:06:34,036 [Worker-109] INFO  o.e.m.c.i.embedder.EclipseLogger - Using 'UTF-8' encoding to copy filtered resources.
2018-04-02 16:06:34,040 [Worker-109] INFO  o.e.m.c.i.embedder.EclipseLogger - Copying 0 resource
2018-04-02 16:06:34,046 [Worker-109] INFO  o.e.m.c.i.embedder.EclipseLogger - Using 'UTF-8' encoding to copy filtered resources.
2018-04-02 16:06:34,050 [Worker-109] INFO  o.e.m.c.i.embedder.EclipseLogger - skip non existing resourceDirectory C:\Users\Tri Cao\Desktop\Project\minix-web-service\src\test\resources
2018-04-02 16:09:32,848 [Worker-110] INFO  o.e.m.c.i.embedder.EclipseLogger - Using 'UTF-8' encoding to copy filtered resources.
2018-04-02 16:09:32,853 [Worker-110] INFO  o.e.m.c.i.embedder.EclipseLogger - Copying 0 resource
2018-04-02 16:09:32,881 [Worker-110] INFO  o.e.m.c.i.embedder.EclipseLogger - Using 'UTF-8' encoding to copy filtered resources.
2018-04-02 16:09:32,887 [Worker-110] INFO  o.e.m.c.i.embedder.EclipseLogger - skip non existing resourceDirectory C:\Users\Tri Cao\Desktop\Project\minix-web-service\src\test\resources
2018-04-02 16:10:33,806 [Worker-112] INFO  o.e.m.c.i.embedder.EclipseLogger - Using 'UTF-8' encoding to copy filtered resources.
2018-04-02 16:10:33,807 [Worker-112] INFO  o.e.m.c.i.embedder.EclipseLogger - Copying 0 resource
2018-04-02 16:10:33,815 [Worker-112] INFO  o.e.m.c.i.embedder.EclipseLogger - Using 'UTF-8' encoding to copy filtered resources.
2018-04-02 16:10:33,825 [Worker-112] INFO  o.e.m.c.i.embedder.EclipseLogger - skip non existing resourceDirectory C:\Users\Tri Cao\Desktop\Project\minix-web-service\src\test\resources
2018-04-02 16:13:10,012 [Worker-111] INFO  o.e.m.c.i.embedder.EclipseLogger - Using 'UTF-8' encoding to copy filtered resources.
2018-04-02 16:13:10,013 [Worker-111] INFO  o.e.m.c.i.embedder.EclipseLogger - Copying 0 resource
2018-04-02 16:13:10,019 [Worker-111] INFO  o.e.m.c.i.embedder.EclipseLogger - Using 'UTF-8' encoding to copy filtered resources.
2018-04-02 16:13:10,029 [Worker-111] INFO  o.e.m.c.i.embedder.EclipseLogger - skip non existing resourceDirectory C:\Users\Tri Cao\Desktop\Project\minix-web-service\src\test\resources
2018-04-02 16:23:10,579 [Worker-114] INFO  o.e.m.c.i.embedder.EclipseLogger - Using 'UTF-8' encoding to copy filtered resources.
2018-04-02 16:23:10,579 [Worker-114] INFO  o.e.m.c.i.embedder.EclipseLogger - Copying 0 resource
2018-04-02 16:23:10,589 [Worker-114] INFO  o.e.m.c.i.embedder.EclipseLogger - Using 'UTF-8' encoding to copy filtered resources.
2018-04-02 16:23:10,593 [Worker-114] INFO  o.e.m.c.i.embedder.EclipseLogger - skip non existing resourceDirectory C:\Users\Tri Cao\Desktop\Project\minix-web-service\src\test\resources
2018-04-02 16:23:14,531 [Worker-105] INFO  o.e.m.c.i.embedder.EclipseLogger - Using 'UTF-8' encoding to copy filtered resources.
2018-04-02 16:23:14,532 [Worker-105] INFO  o.e.m.c.i.embedder.EclipseLogger - Copying 0 resource
2018-04-02 16:23:14,543 [Worker-105] INFO  o.e.m.c.i.embedder.EclipseLogger - Using 'UTF-8' encoding to copy filtered resources.
2018-04-02 16:23:14,549 [Worker-105] INFO  o.e.m.c.i.embedder.EclipseLogger - skip non existing resourceDirectory C:\Users\Tri Cao\Desktop\Project\minix-web-service\src\test\resources
2018-04-02 16:24:19,584 [Worker-115] INFO  o.e.m.c.i.embedder.EclipseLogger - Using 'UTF-8' encoding to copy filtered resources.
2018-04-02 16:24:19,587 [Worker-115] INFO  o.e.m.c.i.embedder.EclipseLogger - Copying 0 resource
2018-04-02 16:24:19,594 [Worker-115] INFO  o.e.m.c.i.embedder.EclipseLogger - Using 'UTF-8' encoding to copy filtered resources.
2018-04-02 16:24:19,599 [Worker-115] INFO  o.e.m.c.i.embedder.EclipseLogger - skip non existing resourceDirectory C:\Users\Tri Cao\Desktop\Project\minix-web-service\src\test\resources
2018-04-02 19:45:55,022 [Worker-188] INFO  o.e.m.c.i.embedder.EclipseLogger - Using 'UTF-8' encoding to copy filtered resources.
2018-04-02 19:45:55,023 [Worker-188] INFO  o.e.m.c.i.embedder.EclipseLogger - Copying 0 resource
2018-04-02 19:45:55,047 [Worker-188] INFO  o.e.m.c.i.embedder.EclipseLogger - Using 'UTF-8' encoding to copy filtered resources.
2018-04-02 19:45:55,053 [Worker-188] INFO  o.e.m.c.i.embedder.EclipseLogger - skip non existing resourceDirectory C:\Users\Tri Cao\Desktop\Project\minix-web-service\src\test\resources
2018-04-02 19:46:45,904 [Worker-190] INFO  o.e.m.c.i.embedder.EclipseLogger - Using 'UTF-8' encoding to copy filtered resources.
2018-04-02 19:46:45,905 [Worker-190] INFO  o.e.m.c.i.embedder.EclipseLogger - Copying 0 resource
2018-04-02 19:46:45,911 [Worker-190] INFO  o.e.m.c.i.embedder.EclipseLogger - Using 'UTF-8' encoding to copy filtered resources.
2018-04-02 19:46:45,917 [Worker-190] INFO  o.e.m.c.i.embedder.EclipseLogger - skip non existing resourceDirectory C:\Users\Tri Cao\Desktop\Project\minix-web-service\src\test\resources
2018-04-02 19:47:50,145 [Worker-184] INFO  o.e.m.c.i.embedder.EclipseLogger - Using 'UTF-8' encoding to copy filtered resources.
2018-04-02 19:47:50,145 [Worker-184] INFO  o.e.m.c.i.embedder.EclipseLogger - Copying 0 resource
2018-04-02 19:47:50,152 [Worker-184] INFO  o.e.m.c.i.embedder.EclipseLogger - Using 'UTF-8' encoding to copy filtered resources.
2018-04-02 19:47:50,156 [Worker-184] INFO  o.e.m.c.i.embedder.EclipseLogger - skip non existing resourceDirectory C:\Users\Tri Cao\Desktop\Project\minix-web-service\src\test\resources
2018-04-02 21:49:00,618 [Worker-269] INFO  o.e.m.c.i.embedder.EclipseLogger - Using 'UTF-8' encoding to copy filtered resources.
2018-04-02 21:49:00,619 [Worker-269] INFO  o.e.m.c.i.embedder.EclipseLogger - Copying 0 resource
2018-04-02 21:49:00,633 [Worker-269] INFO  o.e.m.c.i.embedder.EclipseLogger - Using 'UTF-8' encoding to copy filtered resources.
2018-04-02 21:49:00,637 [Worker-269] INFO  o.e.m.c.i.embedder.EclipseLogger - skip non existing resourceDirectory C:\Users\Tri Cao\Desktop\Project\minix-web-service\src\test\resources
2018-04-02 21:49:24,671 [Worker-271] INFO  o.e.m.c.i.embedder.EclipseLogger - Using 'UTF-8' encoding to copy filtered resources.
2018-04-02 21:49:24,672 [Worker-271] INFO  o.e.m.c.i.embedder.EclipseLogger - Copying 0 resource
2018-04-02 21:49:24,683 [Worker-271] INFO  o.e.m.c.i.embedder.EclipseLogger - Using 'UTF-8' encoding to copy filtered resources.
2018-04-02 21:49:24,693 [Worker-271] INFO  o.e.m.c.i.embedder.EclipseLogger - skip non existing resourceDirectory C:\Users\Tri Cao\Desktop\Project\minix-web-service\src\test\resources
2018-04-02 22:15:40,886 [Worker-272] INFO  o.e.m.c.i.embedder.EclipseLogger - Using 'UTF-8' encoding to copy filtered resources.
2018-04-02 22:15:40,887 [Worker-272] INFO  o.e.m.c.i.embedder.EclipseLogger - Copying 0 resource
2018-04-02 22:15:40,928 [Worker-272] INFO  o.e.m.c.i.embedder.EclipseLogger - Using 'UTF-8' encoding to copy filtered resources.
2018-04-02 22:15:40,936 [Worker-272] INFO  o.e.m.c.i.embedder.EclipseLogger - skip non existing resourceDirectory C:\Users\Tri Cao\Desktop\Project\minix-web-service\src\test\resources
2018-04-02 22:23:46,483 [Worker-295] INFO  o.e.m.c.i.embedder.EclipseLogger - Using 'UTF-8' encoding to copy filtered resources.
2018-04-02 22:23:46,484 [Worker-295] INFO  o.e.m.c.i.embedder.EclipseLogger - Copying 0 resource
2018-04-02 22:23:46,492 [Worker-295] INFO  o.e.m.c.i.embedder.EclipseLogger - Using 'UTF-8' encoding to copy filtered resources.
2018-04-02 22:23:46,496 [Worker-295] INFO  o.e.m.c.i.embedder.EclipseLogger - skip non existing resourceDirectory C:\Users\Tri Cao\Desktop\Project\minix-web-service\src\test\resources
2018-04-02 22:25:11,708 [Worker-299] INFO  o.e.m.c.i.embedder.EclipseLogger - Using 'UTF-8' encoding to copy filtered resources.
2018-04-02 22:25:11,708 [Worker-299] INFO  o.e.m.c.i.embedder.EclipseLogger - Copying 0 resource
2018-04-02 22:25:11,713 [Worker-299] INFO  o.e.m.c.i.embedder.EclipseLogger - Using 'UTF-8' encoding to copy filtered resources.
2018-04-02 22:25:11,718 [Worker-299] INFO  o.e.m.c.i.embedder.EclipseLogger - skip non existing resourceDirectory C:\Users\Tri Cao\Desktop\Project\minix-web-service\src\test\resources
2018-04-02 22:25:55,299 [Worker-297] INFO  o.e.m.c.i.embedder.EclipseLogger - Using 'UTF-8' encoding to copy filtered resources.
2018-04-02 22:25:55,300 [Worker-297] INFO  o.e.m.c.i.embedder.EclipseLogger - Copying 0 resource
2018-04-02 22:25:55,342 [Worker-297] INFO  o.e.m.c.i.embedder.EclipseLogger - Using 'UTF-8' encoding to copy filtered resources.
2018-04-02 22:25:55,355 [Worker-297] INFO  o.e.m.c.i.embedder.EclipseLogger - skip non existing resourceDirectory C:\Users\Tri Cao\Desktop\Project\minix-web-service\src\test\resources
2018-04-02 22:26:21,110 [Worker-298] INFO  o.e.m.c.i.embedder.EclipseLogger - Using 'UTF-8' encoding to copy filtered resources.
2018-04-02 22:26:21,111 [Worker-298] INFO  o.e.m.c.i.embedder.EclipseLogger - Copying 0 resource
2018-04-02 22:26:21,116 [Worker-298] INFO  o.e.m.c.i.embedder.EclipseLogger - Using 'UTF-8' encoding to copy filtered resources.
2018-04-02 22:26:21,120 [Worker-298] INFO  o.e.m.c.i.embedder.EclipseLogger - skip non existing resourceDirectory C:\Users\Tri Cao\Desktop\Project\minix-web-service\src\test\resources
2018-04-02 22:26:38,788 [Worker-280] INFO  o.e.m.c.i.embedder.EclipseLogger - Using 'UTF-8' encoding to copy filtered resources.
2018-04-02 22:26:38,789 [Worker-280] INFO  o.e.m.c.i.embedder.EclipseLogger - Copying 0 resource
2018-04-02 22:26:38,795 [Worker-280] INFO  o.e.m.c.i.embedder.EclipseLogger - Using 'UTF-8' encoding to copy filtered resources.
2018-04-02 22:26:38,800 [Worker-280] INFO  o.e.m.c.i.embedder.EclipseLogger - skip non existing resourceDirectory C:\Users\Tri Cao\Desktop\Project\minix-web-service\src\test\resources
2018-04-02 22:35:55,156 [Worker-306] INFO  o.e.m.c.i.embedder.EclipseLogger - Using 'UTF-8' encoding to copy filtered resources.
2018-04-02 22:35:55,157 [Worker-306] INFO  o.e.m.c.i.embedder.EclipseLogger - Copying 0 resource
2018-04-02 22:35:55,163 [Worker-306] INFO  o.e.m.c.i.embedder.EclipseLogger - Using 'UTF-8' encoding to copy filtered resources.
2018-04-02 22:35:55,170 [Worker-306] INFO  o.e.m.c.i.embedder.EclipseLogger - skip non existing resourceDirectory C:\Users\Tri Cao\Desktop\Project\minix-web-service\src\test\resources
2018-04-02 22:39:28,065 [Worker-304] INFO  o.e.m.c.i.embedder.EclipseLogger - Using 'UTF-8' encoding to copy filtered resources.
2018-04-02 22:39:28,066 [Worker-304] INFO  o.e.m.c.i.embedder.EclipseLogger - Copying 0 resource
2018-04-02 22:39:28,075 [Worker-304] INFO  o.e.m.c.i.embedder.EclipseLogger - Using 'UTF-8' encoding to copy filtered resources.
2018-04-02 22:39:28,081 [Worker-304] INFO  o.e.m.c.i.embedder.EclipseLogger - skip non existing resourceDirectory C:\Users\Tri Cao\Desktop\Project\minix-web-service\src\test\resources
2018-04-02 22:59:53,450 [Worker-326] INFO  o.e.m.c.i.embedder.EclipseLogger - Using 'UTF-8' encoding to copy filtered resources.
2018-04-02 22:59:53,450 [Worker-326] INFO  o.e.m.c.i.embedder.EclipseLogger - Copying 0 resource
2018-04-02 22:59:53,457 [Worker-326] INFO  o.e.m.c.i.embedder.EclipseLogger - Using 'UTF-8' encoding to copy filtered resources.
2018-04-02 22:59:53,462 [Worker-326] INFO  o.e.m.c.i.embedder.EclipseLogger - skip non existing resourceDirectory C:\Users\Tri Cao\Desktop\Project\minix-web-service\src\test\resources
2018-04-02 23:02:08,755 [Worker-330] INFO  o.e.m.c.i.embedder.EclipseLogger - Using 'UTF-8' encoding to copy filtered resources.
2018-04-02 23:02:08,755 [Worker-330] INFO  o.e.m.c.i.embedder.EclipseLogger - Copying 0 resource
2018-04-02 23:02:08,763 [Worker-330] INFO  o.e.m.c.i.embedder.EclipseLogger - Using 'UTF-8' encoding to copy filtered resources.
2018-04-02 23:02:08,768 [Worker-330] INFO  o.e.m.c.i.embedder.EclipseLogger - skip non existing resourceDirectory C:\Users\Tri Cao\Desktop\Project\minix-web-service\src\test\resources
2018-04-02 23:27:53,366 [Worker-367] INFO  o.e.m.c.i.embedder.EclipseLogger - Using 'UTF-8' encoding to copy filtered resources.
2018-04-02 23:27:53,367 [Worker-367] INFO  o.e.m.c.i.embedder.EclipseLogger - Copying 0 resource
2018-04-02 23:27:53,375 [Worker-367] INFO  o.e.m.c.i.embedder.EclipseLogger - Using 'UTF-8' encoding to copy filtered resources.
2018-04-02 23:27:53,381 [Worker-367] INFO  o.e.m.c.i.embedder.EclipseLogger - skip non existing resourceDirectory C:\Users\Tri Cao\Desktop\Project\minix-web-service\src\test\resources
2018-04-02 23:28:35,873 [Worker-356] INFO  o.e.m.c.i.embedder.EclipseLogger - Using 'UTF-8' encoding to copy filtered resources.
2018-04-02 23:28:35,873 [Worker-356] INFO  o.e.m.c.i.embedder.EclipseLogger - Copying 0 resource
2018-04-02 23:28:35,891 [Worker-356] INFO  o.e.m.c.i.embedder.EclipseLogger - Using 'UTF-8' encoding to copy filtered resources.
2018-04-02 23:28:35,896 [Worker-356] INFO  o.e.m.c.i.embedder.EclipseLogger - skip non existing resourceDirectory C:\Users\Tri Cao\Desktop\Project\minix-web-service\src\test\resources
2018-04-02 23:31:55,969 [Worker-366] INFO  o.e.m.c.i.embedder.EclipseLogger - Using 'UTF-8' encoding to copy filtered resources.
2018-04-02 23:31:55,970 [Worker-366] INFO  o.e.m.c.i.embedder.EclipseLogger - Copying 0 resource
2018-04-02 23:31:55,985 [Worker-366] INFO  o.e.m.c.i.embedder.EclipseLogger - Using 'UTF-8' encoding to copy filtered resources.
2018-04-02 23:31:55,990 [Worker-366] INFO  o.e.m.c.i.embedder.EclipseLogger - skip non existing resourceDirectory C:\Users\Tri Cao\Desktop\Project\minix-web-service\src\test\resources
2018-04-02 23:35:43,915 [Worker-368] INFO  o.e.m.c.i.embedder.EclipseLogger - Using 'UTF-8' encoding to copy filtered resources.
2018-04-02 23:35:43,915 [Worker-368] INFO  o.e.m.c.i.embedder.EclipseLogger - Copying 0 resource
2018-04-02 23:35:43,923 [Worker-368] INFO  o.e.m.c.i.embedder.EclipseLogger - Using 'UTF-8' encoding to copy filtered resources.
2018-04-02 23:35:43,928 [Worker-368] INFO  o.e.m.c.i.embedder.EclipseLogger - skip non existing resourceDirectory C:\Users\Tri Cao\Desktop\Project\minix-web-service\src\test\resources
2018-04-02 23:39:03,276 [Worker-368] INFO  o.e.m.c.i.embedder.EclipseLogger - Using 'UTF-8' encoding to copy filtered resources.
2018-04-02 23:39:03,276 [Worker-368] INFO  o.e.m.c.i.embedder.EclipseLogger - Copying 0 resource
2018-04-02 23:39:03,285 [Worker-368] INFO  o.e.m.c.i.embedder.EclipseLogger - Using 'UTF-8' encoding to copy filtered resources.
2018-04-02 23:39:03,289 [Worker-368] INFO  o.e.m.c.i.embedder.EclipseLogger - skip non existing resourceDirectory C:\Users\Tri Cao\Desktop\Project\minix-web-service\src\test\resources
2018-04-02 23:39:18,075 [Worker-368] INFO  o.e.m.c.i.embedder.EclipseLogger - Using 'UTF-8' encoding to copy filtered resources.
2018-04-02 23:39:18,076 [Worker-368] INFO  o.e.m.c.i.embedder.EclipseLogger - Copying 0 resource
2018-04-02 23:39:18,084 [Worker-368] INFO  o.e.m.c.i.embedder.EclipseLogger - Using 'UTF-8' encoding to copy filtered resources.
2018-04-02 23:39:18,090 [Worker-368] INFO  o.e.m.c.i.embedder.EclipseLogger - skip non existing resourceDirectory C:\Users\Tri Cao\Desktop\Project\minix-web-service\src\test\resources
2018-04-02 23:40:12,354 [Worker-379] INFO  o.e.m.c.i.embedder.EclipseLogger - Using 'UTF-8' encoding to copy filtered resources.
2018-04-02 23:40:12,354 [Worker-379] INFO  o.e.m.c.i.embedder.EclipseLogger - Copying 0 resource
2018-04-02 23:40:12,364 [Worker-379] INFO  o.e.m.c.i.embedder.EclipseLogger - Using 'UTF-8' encoding to copy filtered resources.
2018-04-02 23:40:12,371 [Worker-379] INFO  o.e.m.c.i.embedder.EclipseLogger - skip non existing resourceDirectory C:\Users\Tri Cao\Desktop\Project\minix-web-service\src\test\resources
2018-04-02 23:40:22,576 [Worker-376] INFO  o.e.m.c.i.embedder.EclipseLogger - Using 'UTF-8' encoding to copy filtered resources.
2018-04-02 23:40:22,577 [Worker-376] INFO  o.e.m.c.i.embedder.EclipseLogger - Copying 0 resource
2018-04-02 23:40:22,583 [Worker-376] INFO  o.e.m.c.i.embedder.EclipseLogger - Using 'UTF-8' encoding to copy filtered resources.
2018-04-02 23:40:22,587 [Worker-376] INFO  o.e.m.c.i.embedder.EclipseLogger - skip non existing resourceDirectory C:\Users\Tri Cao\Desktop\Project\minix-web-service\src\test\resources
2018-04-02 23:46:40,723 [Worker-385] INFO  o.e.m.c.i.embedder.EclipseLogger - Using 'UTF-8' encoding to copy filtered resources.
2018-04-02 23:46:40,724 [Worker-385] INFO  o.e.m.c.i.embedder.EclipseLogger - Copying 0 resource
2018-04-02 23:46:40,729 [Worker-385] INFO  o.e.m.c.i.embedder.EclipseLogger - Using 'UTF-8' encoding to copy filtered resources.
2018-04-02 23:46:40,733 [Worker-385] INFO  o.e.m.c.i.embedder.EclipseLogger - skip non existing resourceDirectory C:\Users\Tri Cao\Desktop\Project\minix-web-service\src\test\resources
2018-04-02 23:47:38,663 [Worker-380] INFO  o.e.m.c.i.embedder.EclipseLogger - Using 'UTF-8' encoding to copy filtered resources.
2018-04-02 23:47:38,664 [Worker-380] INFO  o.e.m.c.i.embedder.EclipseLogger - Copying 0 resource
2018-04-02 23:47:38,669 [Worker-380] INFO  o.e.m.c.i.embedder.EclipseLogger - Using 'UTF-8' encoding to copy filtered resources.
2018-04-02 23:47:38,673 [Worker-380] INFO  o.e.m.c.i.embedder.EclipseLogger - skip non existing resourceDirectory C:\Users\Tri Cao\Desktop\Project\minix-web-service\src\test\resources
2018-04-02 23:51:10,837 [Worker-389] INFO  o.e.m.c.i.l.LifecycleMappingFactory - Using org.maven.ide.eclipse.wtp.WarLifecycleMapping lifecycle mapping for MavenProject: com.carleton.comp3000:minix-web-service:0.0.1-SNAPSHOT @ C:\Users\Tri Cao\Desktop\Project\minix-web-service\pom.xml.
2018-04-02 23:51:15,713 [Worker-389] INFO  o.e.m.j.i.AbstractJavaProjectConfigurator - Adding source folder /minix-web-service/src/main/java
2018-04-02 23:51:15,717 [Worker-389] INFO  o.e.m.j.i.AbstractJavaProjectConfigurator - Adding source folder /minix-web-service/src/test/java
2018-04-02 23:51:16,571 [Worker-389] INFO  o.e.m.c.i.p.ProjectConfigurationManager - Imported and configured 1 project(s) in 9 sec
2018-04-02 23:51:17,831 [Worker-395] INFO  o.e.m.c.i.embedder.EclipseLogger - Using 'UTF-8' encoding to copy filtered resources.
2018-04-02 23:51:17,831 [Worker-395] INFO  o.e.m.c.i.embedder.EclipseLogger - skip non existing resourceDirectory C:\Users\Tri Cao\Desktop\Project\minix-web-service\src\main\resources
2018-04-02 23:51:17,843 [Worker-395] INFO  o.e.m.c.i.embedder.EclipseLogger - Using 'UTF-8' encoding to copy filtered resources.
2018-04-02 23:51:17,844 [Worker-395] INFO  o.e.m.c.i.embedder.EclipseLogger - skip non existing resourceDirectory C:\Users\Tri Cao\Desktop\Project\minix-web-service\src\test\resources
2018-04-03 00:06:03,967 [Worker-395] INFO  o.e.m.c.i.p.ProjectConfigurationManager - Collecting project info '/pom.xml' C:\Users\Tri Cao\Desktop\Project\project-backend\pom.xml
2018-04-03 00:06:05,568 [Worker-395] INFO  o.e.m.c.i.l.LifecycleMappingFactory - Using org.maven.ide.eclipse.wtp.WarLifecycleMapping lifecycle mapping for MavenProject: com.carleton.comp3000:project-backend:0.0.1-SNAPSHOT @ C:\Users\Tri Cao\Desktop\Project\project-backend\pom.xml.
2018-04-03 00:06:05,761 [Worker-395] INFO  o.e.m.j.i.AbstractJavaProjectConfigurator - Adding source folder /project-backend/src/main/java
2018-04-03 00:06:05,765 [Worker-395] INFO  o.e.m.j.i.AbstractJavaProjectConfigurator - Adding resource folder /project-backend/src/main/resources
2018-04-03 00:06:05,769 [Worker-395] INFO  o.e.m.j.i.AbstractJavaProjectConfigurator - Adding source folder /project-backend/src/test/java
2018-04-03 00:06:06,832 [Worker-395] INFO  o.e.m.c.i.p.ProjectConfigurationManager - Imported and configured 1 project(s) in 2 sec
2018-04-03 00:06:07,152 [Worker-395] WARN  o.e.m.c.i.embedder.EclipseLogger - Using platform encoding (Cp1252 actually) to copy filtered resources, i.e. build is platform dependent!
2018-04-03 00:06:07,165 [Worker-395] INFO  o.e.m.c.i.embedder.EclipseLogger - Copying 0 resource
2018-04-03 00:06:07,170 [Worker-395] WARN  o.e.m.c.i.embedder.EclipseLogger - Using platform encoding (Cp1252 actually) to copy filtered resources, i.e. build is platform dependent!
2018-04-03 00:06:07,176 [Worker-395] INFO  o.e.m.c.i.embedder.EclipseLogger - skip non existing resourceDirectory C:\Users\Tri Cao\Desktop\Project\project-backend\src\test\resources
2018-04-03 00:06:08,252 [Worker-400] WARN  o.e.m.c.i.embedder.EclipseLogger - Using platform encoding (Cp1252 actually) to copy filtered resources, i.e. build is platform dependent!
2018-04-03 00:06:08,260 [Worker-400] INFO  o.e.m.c.i.embedder.EclipseLogger - Copying 0 resource
2018-04-03 00:06:08,261 [Worker-400] WARN  o.e.m.c.i.embedder.EclipseLogger - Using platform encoding (Cp1252 actually) to copy filtered resources, i.e. build is platform dependent!
2018-04-03 00:06:08,266 [Worker-400] INFO  o.e.m.c.i.embedder.EclipseLogger - skip non existing resourceDirectory C:\Users\Tri Cao\Desktop\Project\project-backend\src\test\resources
2018-04-03 00:06:27,545 [Worker-403] INFO  o.e.m.c.i.p.ProjectConfigurationManager - Update started
2018-04-03 00:06:27,883 [Worker-403] INFO  o.e.m.c.i.l.LifecycleMappingFactory - Using org.maven.ide.eclipse.wtp.WarLifecycleMapping lifecycle mapping for MavenProject: com.carleton.comp3000:project-backend:0.0.1-SNAPSHOT @ C:\Users\Tri Cao\Desktop\Project\project-backend\pom.xml.
2018-04-03 00:06:28,032 [Worker-403] INFO  o.e.m.j.i.AbstractJavaProjectConfigurator - Adding source folder /project-backend/src/main/java
2018-04-03 00:06:28,037 [Worker-403] INFO  o.e.m.j.i.AbstractJavaProjectConfigurator - Adding resource folder /project-backend/src/main/resources
2018-04-03 00:06:28,041 [Worker-403] INFO  o.e.m.j.i.AbstractJavaProjectConfigurator - Adding source folder /project-backend/src/test/java
2018-04-03 00:06:28,460 [Worker-403] INFO  o.e.m.w.i.f.ResourceFilteringBuildParticipant - Cleaning filtered folder for project-backend
2018-04-03 00:06:28,476 [Worker-403] INFO  o.e.m.c.i.p.ProjectConfigurationManager - Update completed: 0 sec
2018-04-03 00:06:28,670 [Worker-406] WARN  o.e.m.c.i.embedder.EclipseLogger - Using platform encoding (Cp1252 actually) to copy filtered resources, i.e. build is platform dependent!
2018-04-03 00:06:28,808 [Worker-406] INFO  o.e.m.c.i.embedder.EclipseLogger - Copying 0 resource
2018-04-03 00:06:28,809 [Worker-406] WARN  o.e.m.c.i.embedder.EclipseLogger - Using platform encoding (Cp1252 actually) to copy filtered resources, i.e. build is platform dependent!
2018-04-03 00:06:28,851 [Worker-406] INFO  o.e.m.c.i.embedder.EclipseLogger - skip non existing resourceDirectory C:\Users\Tri Cao\Desktop\Project\project-backend\src\test\resources
2018-04-03 00:06:28,852 [Worker-406] INFO  o.e.m.w.i.f.ResourceFilteringBuildParticipant - Changed resources require a complete clean of filtered resources of project-backend
2018-04-03 00:06:28,859 [Worker-406] INFO  o.e.m.w.i.f.ResourceFilteringBuildParticipant - Executing resource filtering for project-backend
2018-04-03 00:06:28,864 [Worker-406] WARN  o.e.m.c.i.embedder.EclipseLogger - Using platform encoding (Cp1252 actually) to copy filtered resources, i.e. build is platform dependent!
2018-04-03 00:07:17,235 [Worker-405] WARN  o.e.m.c.i.embedder.EclipseLogger - Using platform encoding (Cp1252 actually) to copy filtered resources, i.e. build is platform dependent!
2018-04-03 00:07:17,242 [Worker-405] INFO  o.e.m.c.i.embedder.EclipseLogger - Copying 0 resource
2018-04-03 00:07:17,247 [Worker-405] WARN  o.e.m.c.i.embedder.EclipseLogger - Using platform encoding (Cp1252 actually) to copy filtered resources, i.e. build is platform dependent!
2018-04-03 00:07:17,257 [Worker-405] INFO  o.e.m.c.i.embedder.EclipseLogger - skip non existing resourceDirectory C:\Users\Tri Cao\Desktop\Project\project-backend\src\test\resources
2018-04-03 00:07:44,255 [Worker-406] WARN  o.e.m.c.i.embedder.EclipseLogger - Using platform encoding (Cp1252 actually) to copy filtered resources, i.e. build is platform dependent!
2018-04-03 00:07:44,261 [Worker-406] INFO  o.e.m.c.i.embedder.EclipseLogger - Copying 0 resource
2018-04-03 00:07:44,266 [Worker-406] WARN  o.e.m.c.i.embedder.EclipseLogger - Using platform encoding (Cp1252 actually) to copy filtered resources, i.e. build is platform dependent!
2018-04-03 00:07:44,278 [Worker-406] INFO  o.e.m.c.i.embedder.EclipseLogger - skip non existing resourceDirectory C:\Users\Tri Cao\Desktop\Project\project-backend\src\test\resources
2018-04-03 00:07:50,101 [Worker-404] WARN  o.e.m.c.i.embedder.EclipseLogger - Using platform encoding (Cp1252 actually) to copy filtered resources, i.e. build is platform dependent!
2018-04-03 00:07:50,106 [Worker-404] INFO  o.e.m.c.i.embedder.EclipseLogger - Copying 0 resource
2018-04-03 00:07:50,111 [Worker-404] WARN  o.e.m.c.i.embedder.EclipseLogger - Using platform encoding (Cp1252 actually) to copy filtered resources, i.e. build is platform dependent!
2018-04-03 00:07:50,120 [Worker-404] INFO  o.e.m.c.i.embedder.EclipseLogger - skip non existing resourceDirectory C:\Users\Tri Cao\Desktop\Project\project-backend\src\test\resources
2018-04-03 00:08:12,846 [Worker-406] INFO  o.e.m.c.i.p.ProjectConfigurationManager - Update started
2018-04-03 00:08:13,144 [Worker-406] INFO  o.e.m.c.i.l.LifecycleMappingFactory - Using org.maven.ide.eclipse.wtp.WarLifecycleMapping lifecycle mapping for MavenProject: com.carleton.comp3000:project-backend:0.0.1-SNAPSHOT @ C:\Users\Tri Cao\Desktop\Project\project-backend\pom.xml.
2018-04-03 00:08:13,208 [Worker-406] INFO  o.e.m.j.i.AbstractJavaProjectConfigurator - Adding source folder /project-backend/src/main/java
2018-04-03 00:08:13,214 [Worker-406] INFO  o.e.m.j.i.AbstractJavaProjectConfigurator - Adding resource folder /project-backend/src/main/resources
2018-04-03 00:08:13,218 [Worker-406] INFO  o.e.m.j.i.AbstractJavaProjectConfigurator - Adding source folder /project-backend/src/test/java
2018-04-03 00:08:13,788 [Worker-406] INFO  o.e.m.w.i.f.ResourceFilteringBuildParticipant - Cleaning filtered folder for project-backend
2018-04-03 00:08:13,797 [Worker-406] INFO  o.e.m.c.i.p.ProjectConfigurationManager - Update completed: 0 sec
2018-04-03 00:08:14,103 [Worker-403] WARN  o.e.m.c.i.embedder.EclipseLogger - Using platform encoding (Cp1252 actually) to copy filtered resources, i.e. build is platform dependent!
2018-04-03 00:08:14,141 [Worker-403] INFO  o.e.m.c.i.embedder.EclipseLogger - Copying 0 resource
2018-04-03 00:08:14,143 [Worker-403] WARN  o.e.m.c.i.embedder.EclipseLogger - Using platform encoding (Cp1252 actually) to copy filtered resources, i.e. build is platform dependent!
2018-04-03 00:08:14,169 [Worker-403] INFO  o.e.m.c.i.embedder.EclipseLogger - skip non existing resourceDirectory C:\Users\Tri Cao\Desktop\Project\project-backend\src\test\resources
2018-04-03 00:08:14,169 [Worker-403] INFO  o.e.m.w.i.f.ResourceFilteringBuildParticipant - Changed resources require a complete clean of filtered resources of project-backend
2018-04-03 00:08:14,169 [Worker-403] INFO  o.e.m.w.i.f.ResourceFilteringBuildParticipant - Executing resource filtering for project-backend
2018-04-03 00:08:14,172 [Worker-403] WARN  o.e.m.c.i.embedder.EclipseLogger - Using platform encoding (Cp1252 actually) to copy filtered resources, i.e. build is platform dependent!
2018-04-03 00:13:11,988 [Worker-395] INFO  o.e.m.c.i.l.LifecycleMappingFactory - Using org.maven.ide.eclipse.wtp.WarLifecycleMapping lifecycle mapping for MavenProject: com.carleton.comp3000:project-backend:0.0.1-SNAPSHOT @ C:\Users\Tri Cao\Desktop\Project\project-backend\pom.xml.
2018-04-03 00:13:13,228 [Worker-395] INFO  o.e.m.c.i.e.AbstractTransferListenerAdapter - Downloading https://repo.maven.apache.org/maven2/org/apache/tomcat/tomcat-servlet-api/9.0.6/tomcat-servlet-api-9.0.6.pom
2018-04-03 00:13:13,551 [Worker-395] INFO  o.e.m.c.i.e.AbstractTransferListenerAdapter - Downloaded https://repo.maven.apache.org/maven2/org/apache/tomcat/tomcat-servlet-api/9.0.6/tomcat-servlet-api-9.0.6.pom
2018-04-03 00:13:13,610 [Worker-395] INFO  o.e.m.c.i.e.AbstractTransferListenerAdapter - Downloading https://repo.maven.apache.org/maven2/org/apache/tomcat/tomcat-servlet-api/9.0.6/tomcat-servlet-api-9.0.6.jar
2018-04-03 00:13:13,827 [Worker-395] INFO  o.e.m.c.i.e.AbstractTransferListenerAdapter - Downloaded https://repo.maven.apache.org/maven2/org/apache/tomcat/tomcat-servlet-api/9.0.6/tomcat-servlet-api-9.0.6.jar
2018-04-03 00:13:14,185 [Worker-395] WARN  o.e.m.c.i.embedder.EclipseLogger - Using platform encoding (Cp1252 actually) to copy filtered resources, i.e. build is platform dependent!
2018-04-03 00:13:14,190 [Worker-395] INFO  o.e.m.c.i.embedder.EclipseLogger - Copying 0 resource
2018-04-03 00:13:14,191 [Worker-395] WARN  o.e.m.c.i.embedder.EclipseLogger - Using platform encoding (Cp1252 actually) to copy filtered resources, i.e. build is platform dependent!
2018-04-03 00:13:14,205 [Worker-395] INFO  o.e.m.c.i.embedder.EclipseLogger - skip non existing resourceDirectory C:\Users\Tri Cao\Desktop\Project\project-backend\src\test\resources
2018-04-03 00:13:14,206 [Worker-395] INFO  o.e.m.w.i.f.ResourceFilteringBuildParticipant - Changed resources require a complete clean of filtered resources of project-backend
2018-04-03 00:13:14,212 [Worker-395] INFO  o.e.m.w.i.f.ResourceFilteringBuildParticipant - Executing resource filtering for project-backend
2018-04-03 00:13:14,216 [Worker-395] WARN  o.e.m.c.i.embedder.EclipseLogger - Using platform encoding (Cp1252 actually) to copy filtered resources, i.e. build is platform dependent!
2018-04-03 00:13:16,107 [Worker-405] WARN  o.e.m.c.i.embedder.EclipseLogger - Using platform encoding (Cp1252 actually) to copy filtered resources, i.e. build is platform dependent!
2018-04-03 00:13:16,114 [Worker-405] INFO  o.e.m.c.i.embedder.EclipseLogger - Copying 0 resource
2018-04-03 00:13:16,114 [Worker-405] WARN  o.e.m.c.i.embedder.EclipseLogger - Using platform encoding (Cp1252 actually) to copy filtered resources, i.e. build is platform dependent!
2018-04-03 00:13:16,122 [Worker-405] INFO  o.e.m.c.i.embedder.EclipseLogger - skip non existing resourceDirectory C:\Users\Tri Cao\Desktop\Project\project-backend\src\test\resources
2018-04-03 00:14:56,360 [Worker-400] INFO  o.e.m.c.i.l.LifecycleMappingFactory - Using org.maven.ide.eclipse.wtp.WarLifecycleMapping lifecycle mapping for MavenProject: com.carleton.comp3000:project-backend:0.0.1-SNAPSHOT @ C:\Users\Tri Cao\Desktop\Project\project-backend\pom.xml.
2018-04-03 00:14:56,484 [Worker-400] WARN  o.e.m.c.i.embedder.EclipseLogger - Using platform encoding (Cp1252 actually) to copy filtered resources, i.e. build is platform dependent!
2018-04-03 00:14:56,493 [Worker-400] INFO  o.e.m.c.i.embedder.EclipseLogger - Copying 0 resource
2018-04-03 00:14:56,500 [Worker-400] WARN  o.e.m.c.i.embedder.EclipseLogger - Using platform encoding (Cp1252 actually) to copy filtered resources, i.e. build is platform dependent!
2018-04-03 00:14:56,508 [Worker-400] INFO  o.e.m.c.i.embedder.EclipseLogger - skip non existing resourceDirectory C:\Users\Tri Cao\Desktop\Project\project-backend\src\test\resources
2018-04-03 00:14:56,509 [Worker-400] INFO  o.e.m.w.i.f.ResourceFilteringBuildParticipant - Changed resources require a complete clean of filtered resources of project-backend
2018-04-03 00:14:56,509 [Worker-400] INFO  o.e.m.w.i.f.ResourceFilteringBuildParticipant - Executing resource filtering for project-backend
2018-04-03 00:14:56,511 [Worker-400] WARN  o.e.m.c.i.embedder.EclipseLogger - Using platform encoding (Cp1252 actually) to copy filtered resources, i.e. build is platform dependent!
2018-04-03 00:15:18,050 [Worker-405] INFO  o.e.m.c.i.p.ProjectConfigurationManager - Update started
2018-04-03 00:15:18,125 [Worker-405] INFO  o.e.m.c.i.l.LifecycleMappingFactory - Using org.maven.ide.eclipse.wtp.WarLifecycleMapping lifecycle mapping for MavenProject: com.carleton.comp3000:project-backend:0.0.1-SNAPSHOT @ C:\Users\Tri Cao\Desktop\Project\project-backend\pom.xml.
2018-04-03 00:15:18,239 [Worker-405] INFO  o.e.m.j.i.AbstractJavaProjectConfigurator - Adding source folder /project-backend/src/main/java
2018-04-03 00:15:18,239 [Worker-405] INFO  o.e.m.j.i.AbstractJavaProjectConfigurator - Adding resource folder /project-backend/src/main/resources
2018-04-03 00:15:18,240 [Worker-405] INFO  o.e.m.j.i.AbstractJavaProjectConfigurator - Adding source folder /project-backend/src/test/java
2018-04-03 00:15:18,998 [Worker-405] INFO  o.e.m.w.i.f.ResourceFilteringBuildParticipant - Cleaning filtered folder for project-backend
2018-04-03 00:15:19,003 [Worker-405] INFO  o.e.m.c.i.p.ProjectConfigurationManager - Update completed: 0 sec
2018-04-03 00:15:19,437 [Worker-395] WARN  o.e.m.c.i.embedder.EclipseLogger - Using platform encoding (Cp1252 actually) to copy filtered resources, i.e. build is platform dependent!
2018-04-03 00:15:19,454 [Worker-395] INFO  o.e.m.c.i.embedder.EclipseLogger - Copying 0 resource
2018-04-03 00:15:19,454 [Worker-395] WARN  o.e.m.c.i.embedder.EclipseLogger - Using platform encoding (Cp1252 actually) to copy filtered resources, i.e. build is platform dependent!
2018-04-03 00:15:19,479 [Worker-395] INFO  o.e.m.c.i.embedder.EclipseLogger - skip non existing resourceDirectory C:\Users\Tri Cao\Desktop\Project\project-backend\src\test\resources
2018-04-03 00:15:19,479 [Worker-395] INFO  o.e.m.w.i.f.ResourceFilteringBuildParticipant - Changed resources require a complete clean of filtered resources of project-backend
2018-04-03 00:15:19,484 [Worker-395] INFO  o.e.m.w.i.f.ResourceFilteringBuildParticipant - Executing resource filtering for project-backend
2018-04-03 00:15:19,487 [Worker-395] WARN  o.e.m.c.i.embedder.EclipseLogger - Using platform encoding (Cp1252 actually) to copy filtered resources, i.e. build is platform dependent!
2018-04-03 00:15:19,892 [Worker-407] WARN  o.e.m.c.i.embedder.EclipseLogger - Using platform encoding (Cp1252 actually) to copy filtered resources, i.e. build is platform dependent!
2018-04-03 00:15:19,952 [Worker-407] INFO  o.e.m.c.i.embedder.EclipseLogger - Copying 0 resource
2018-04-03 00:15:20,027 [Worker-407] WARN  o.e.m.c.i.embedder.EclipseLogger - Using platform encoding (Cp1252 actually) to copy filtered resources, i.e. build is platform dependent!
2018-04-03 00:15:20,087 [Worker-407] INFO  o.e.m.c.i.embedder.EclipseLogger - skip non existing resourceDirectory C:\Users\Tri Cao\Desktop\Project\project-backend\src\test\resources
2018-04-03 00:15:40,835 [Worker-409] INFO  o.e.m.c.i.l.LifecycleMappingFactory - Using org.maven.ide.eclipse.wtp.WarLifecycleMapping lifecycle mapping for MavenProject: com.carleton.comp3000:project-backend:0.0.1-SNAPSHOT @ C:\Users\Tri Cao\Desktop\Project\project-backend\pom.xml.
2018-04-03 00:15:40,970 [Worker-409] WARN  o.e.m.c.i.embedder.EclipseLogger - Using platform encoding (Cp1252 actually) to copy filtered resources, i.e. build is platform dependent!
2018-04-03 00:15:40,979 [Worker-409] INFO  o.e.m.c.i.embedder.EclipseLogger - Copying 0 resource
2018-04-03 00:15:40,980 [Worker-409] WARN  o.e.m.c.i.embedder.EclipseLogger - Using platform encoding (Cp1252 actually) to copy filtered resources, i.e. build is platform dependent!
2018-04-03 00:15:40,985 [Worker-409] INFO  o.e.m.c.i.embedder.EclipseLogger - skip non existing resourceDirectory C:\Users\Tri Cao\Desktop\Project\project-backend\src\test\resources
2018-04-03 00:15:40,985 [Worker-409] INFO  o.e.m.w.i.f.ResourceFilteringBuildParticipant - Changed resources require a complete clean of filtered resources of project-backend
2018-04-03 00:15:40,990 [Worker-409] INFO  o.e.m.w.i.f.ResourceFilteringBuildParticipant - Executing resource filtering for project-backend
2018-04-03 00:15:40,994 [Worker-409] WARN  o.e.m.c.i.embedder.EclipseLogger - Using platform encoding (Cp1252 actually) to copy filtered resources, i.e. build is platform dependent!
2018-04-03 00:15:42,266 [Worker-405] WARN  o.e.m.c.i.embedder.EclipseLogger - Using platform encoding (Cp1252 actually) to copy filtered resources, i.e. build is platform dependent!
2018-04-03 00:15:42,272 [Worker-405] INFO  o.e.m.c.i.embedder.EclipseLogger - Copying 0 resource
2018-04-03 00:15:42,277 [Worker-405] WARN  o.e.m.c.i.embedder.EclipseLogger - Using platform encoding (Cp1252 actually) to copy filtered resources, i.e. build is platform dependent!
2018-04-03 00:15:42,287 [Worker-405] INFO  o.e.m.c.i.embedder.EclipseLogger - skip non existing resourceDirectory C:\Users\Tri Cao\Desktop\Project\project-backend\src\test\resources
2018-04-03 00:16:07,421 [Worker-409] WARN  o.e.m.c.i.embedder.EclipseLogger - Using platform encoding (Cp1252 actually) to copy filtered resources, i.e. build is platform dependent!
2018-04-03 00:16:07,431 [Worker-409] INFO  o.e.m.c.i.embedder.EclipseLogger - Copying 0 resource
2018-04-03 00:16:07,437 [Worker-409] WARN  o.e.m.c.i.embedder.EclipseLogger - Using platform encoding (Cp1252 actually) to copy filtered resources, i.e. build is platform dependent!
2018-04-03 00:16:07,447 [Worker-409] INFO  o.e.m.c.i.embedder.EclipseLogger - skip non existing resourceDirectory C:\Users\Tri Cao\Desktop\Project\project-backend\src\test\resources
2018-04-03 00:16:36,900 [Worker-407] WARN  o.e.m.c.i.embedder.EclipseLogger - Using platform encoding (Cp1252 actually) to copy filtered resources, i.e. build is platform dependent!
2018-04-03 00:16:36,929 [Worker-407] INFO  o.e.m.c.i.embedder.EclipseLogger - Copying 0 resource
2018-04-03 00:16:36,942 [Worker-407] WARN  o.e.m.c.i.embedder.EclipseLogger - Using platform encoding (Cp1252 actually) to copy filtered resources, i.e. build is platform dependent!
2018-04-03 00:16:36,952 [Worker-407] INFO  o.e.m.c.i.embedder.EclipseLogger - skip non existing resourceDirectory C:\Users\Tri Cao\Desktop\Project\project-backend\src\test\resources
2018-04-03 00:16:49,729 [Worker-405] WARN  o.e.m.c.i.embedder.EclipseLogger - Using platform encoding (Cp1252 actually) to copy filtered resources, i.e. build is platform dependent!
2018-04-03 00:16:49,741 [Worker-405] INFO  o.e.m.c.i.embedder.EclipseLogger - Copying 0 resource
2018-04-03 00:16:49,748 [Worker-405] WARN  o.e.m.c.i.embedder.EclipseLogger - Using platform encoding (Cp1252 actually) to copy filtered resources, i.e. build is platform dependent!
2018-04-03 00:16:49,757 [Worker-405] INFO  o.e.m.c.i.embedder.EclipseLogger - skip non existing resourceDirectory C:\Users\Tri Cao\Desktop\Project\project-backend\src\test\resources
2018-04-03 00:16:59,276 [Worker-408] WARN  o.e.m.c.i.embedder.EclipseLogger - Using platform encoding (Cp1252 actually) to copy filtered resources, i.e. build is platform dependent!
2018-04-03 00:16:59,281 [Worker-408] INFO  o.e.m.c.i.embedder.EclipseLogger - Copying 0 resource
2018-04-03 00:16:59,286 [Worker-408] WARN  o.e.m.c.i.embedder.EclipseLogger - Using platform encoding (Cp1252 actually) to copy filtered resources, i.e. build is platform dependent!
2018-04-03 00:16:59,295 [Worker-408] INFO  o.e.m.c.i.embedder.EclipseLogger - skip non existing resourceDirectory C:\Users\Tri Cao\Desktop\Project\project-backend\src\test\resources
2018-04-03 00:17:04,463 [Worker-408] WARN  o.e.m.c.i.embedder.EclipseLogger - Using platform encoding (Cp1252 actually) to copy filtered resources, i.e. build is platform dependent!
2018-04-03 00:17:04,469 [Worker-408] INFO  o.e.m.c.i.embedder.EclipseLogger - Copying 0 resource
2018-04-03 00:17:04,475 [Worker-408] WARN  o.e.m.c.i.embedder.EclipseLogger - Using platform encoding (Cp1252 actually) to copy filtered resources, i.e. build is platform dependent!
2018-04-03 00:17:04,484 [Worker-408] INFO  o.e.m.c.i.embedder.EclipseLogger - skip non existing resourceDirectory C:\Users\Tri Cao\Desktop\Project\project-backend\src\test\resources
2018-04-03 00:20:37,070 [Worker-406] WARN  o.e.m.c.i.embedder.EclipseLogger - Using platform encoding (Cp1252 actually) to copy filtered resources, i.e. build is platform dependent!
2018-04-03 00:20:37,077 [Worker-406] INFO  o.e.m.c.i.embedder.EclipseLogger - Copying 0 resource
2018-04-03 00:20:37,082 [Worker-406] WARN  o.e.m.c.i.embedder.EclipseLogger - Using platform encoding (Cp1252 actually) to copy filtered resources, i.e. build is platform dependent!
2018-04-03 00:20:37,092 [Worker-406] INFO  o.e.m.c.i.embedder.EclipseLogger - skip non existing resourceDirectory C:\Users\Tri Cao\Desktop\Project\project-backend\src\test\resources
2018-04-03 00:22:32,977 [Worker-406] WARN  o.e.m.c.i.embedder.EclipseLogger - Using platform encoding (Cp1252 actually) to copy filtered resources, i.e. build is platform dependent!
2018-04-03 00:22:32,986 [Worker-406] INFO  o.e.m.c.i.embedder.EclipseLogger - Copying 0 resource
2018-04-03 00:22:32,993 [Worker-406] WARN  o.e.m.c.i.embedder.EclipseLogger - Using platform encoding (Cp1252 actually) to copy filtered resources, i.e. build is platform dependent!
2018-04-03 00:22:33,018 [Worker-406] INFO  o.e.m.c.i.embedder.EclipseLogger - skip non existing resourceDirectory C:\Users\Tri Cao\Desktop\Project\project-backend\src\test\resources
2018-04-03 00:22:41,920 [Worker-395] WARN  o.e.m.c.i.embedder.EclipseLogger - Using platform encoding (Cp1252 actually) to copy filtered resources, i.e. build is platform dependent!
2018-04-03 00:22:41,928 [Worker-395] INFO  o.e.m.c.i.embedder.EclipseLogger - Copying 0 resource
2018-04-03 00:22:41,934 [Worker-395] WARN  o.e.m.c.i.embedder.EclipseLogger - Using platform encoding (Cp1252 actually) to copy filtered resources, i.e. build is platform dependent!
2018-04-03 00:22:41,946 [Worker-395] INFO  o.e.m.c.i.embedder.EclipseLogger - skip non existing resourceDirectory C:\Users\Tri Cao\Desktop\Project\project-backend\src\test\resources
2018-04-03 00:23:43,879 [Worker-411] WARN  o.e.m.c.i.embedder.EclipseLogger - Using platform encoding (Cp1252 actually) to copy filtered resources, i.e. build is platform dependent!
2018-04-03 00:23:43,899 [Worker-411] INFO  o.e.m.c.i.embedder.EclipseLogger - Copying 0 resource
2018-04-03 00:23:43,904 [Worker-411] WARN  o.e.m.c.i.embedder.EclipseLogger - Using platform encoding (Cp1252 actually) to copy filtered resources, i.e. build is platform dependent!
2018-04-03 00:23:43,920 [Worker-411] INFO  o.e.m.c.i.embedder.EclipseLogger - skip non existing resourceDirectory C:\Users\Tri Cao\Desktop\Project\project-backend\src\test\resources
2018-04-03 00:26:16,151 [Worker-406] WARN  o.e.m.c.i.embedder.EclipseLogger - Using platform encoding (Cp1252 actually) to copy filtered resources, i.e. build is platform dependent!
2018-04-03 00:26:16,157 [Worker-406] INFO  o.e.m.c.i.embedder.EclipseLogger - Copying 0 resource
2018-04-03 00:26:16,163 [Worker-406] WARN  o.e.m.c.i.embedder.EclipseLogger - Using platform encoding (Cp1252 actually) to copy filtered resources, i.e. build is platform dependent!
2018-04-03 00:26:16,172 [Worker-406] INFO  o.e.m.c.i.embedder.EclipseLogger - skip non existing resourceDirectory C:\Users\Tri Cao\Desktop\Project\project-backend\src\test\resources
2018-04-03 00:30:39,473 [Worker-406] WARN  o.e.m.c.i.embedder.EclipseLogger - Using platform encoding (Cp1252 actually) to copy filtered resources, i.e. build is platform dependent!
2018-04-03 00:30:39,480 [Worker-406] INFO  o.e.m.c.i.embedder.EclipseLogger - Copying 0 resource
2018-04-03 00:30:39,486 [Worker-406] WARN  o.e.m.c.i.embedder.EclipseLogger - Using platform encoding (Cp1252 actually) to copy filtered resources, i.e. build is platform dependent!
2018-04-03 00:30:39,498 [Worker-406] INFO  o.e.m.c.i.embedder.EclipseLogger - skip non existing resourceDirectory C:\Users\Tri Cao\Desktop\Project\project-backend\src\test\resources
2018-04-03 00:31:25,446 [Worker-406] WARN  o.e.m.c.i.embedder.EclipseLogger - Using platform encoding (Cp1252 actually) to copy filtered resources, i.e. build is platform dependent!
2018-04-03 00:31:25,453 [Worker-406] INFO  o.e.m.c.i.embedder.EclipseLogger - Copying 0 resource
2018-04-03 00:31:25,461 [Worker-406] WARN  o.e.m.c.i.embedder.EclipseLogger - Using platform encoding (Cp1252 actually) to copy filtered resources, i.e. build is platform dependent!
2018-04-03 00:31:25,471 [Worker-406] INFO  o.e.m.c.i.embedder.EclipseLogger - skip non existing resourceDirectory C:\Users\Tri Cao\Desktop\Project\project-backend\src\test\resources
2018-04-03 00:34:52,383 [Worker-412] WARN  o.e.m.c.i.embedder.EclipseLogger - Using platform encoding (Cp1252 actually) to copy filtered resources, i.e. build is platform dependent!
2018-04-03 00:34:52,389 [Worker-412] INFO  o.e.m.c.i.embedder.EclipseLogger - Copying 0 resource
2018-04-03 00:34:52,394 [Worker-412] WARN  o.e.m.c.i.embedder.EclipseLogger - Using platform encoding (Cp1252 actually) to copy filtered resources, i.e. build is platform dependent!
2018-04-03 00:34:52,407 [Worker-412] INFO  o.e.m.c.i.embedder.EclipseLogger - skip non existing resourceDirectory C:\Users\Tri Cao\Desktop\Project\project-backend\src\test\resources
2018-04-03 00:36:58,962 [Worker-412] INFO  o.e.m.c.i.l.LifecycleMappingFactory - Using org.maven.ide.eclipse.wtp.WarLifecycleMapping lifecycle mapping for MavenProject: com.carleton.comp3000:project-backend:0.0.1-SNAPSHOT @ C:\Users\Tri Cao\Desktop\Project\project-backend\pom.xml.
2018-04-03 00:36:59,146 [Worker-412] WARN  o.e.m.c.i.embedder.EclipseLogger - Using platform encoding (Cp1252 actually) to copy filtered resources, i.e. build is platform dependent!
2018-04-03 00:36:59,155 [Worker-412] INFO  o.e.m.c.i.embedder.EclipseLogger - Copying 0 resource
2018-04-03 00:36:59,160 [Worker-412] WARN  o.e.m.c.i.embedder.EclipseLogger - Using platform encoding (Cp1252 actually) to copy filtered resources, i.e. build is platform dependent!
2018-04-03 00:36:59,170 [Worker-412] INFO  o.e.m.c.i.embedder.EclipseLogger - skip non existing resourceDirectory C:\Users\Tri Cao\Desktop\Project\project-backend\src\test\resources
2018-04-03 00:36:59,171 [Worker-412] INFO  o.e.m.w.i.f.ResourceFilteringBuildParticipant - Changed resources require a complete clean of filtered resources of project-backend
2018-04-03 00:36:59,176 [Worker-412] INFO  o.e.m.w.i.f.ResourceFilteringBuildParticipant - Executing resource filtering for project-backend
2018-04-03 00:36:59,183 [Worker-412] WARN  o.e.m.c.i.embedder.EclipseLogger - Using platform encoding (Cp1252 actually) to copy filtered resources, i.e. build is platform dependent!
2018-04-03 00:40:55,936 [Worker-415] WARN  o.e.m.c.i.embedder.EclipseLogger - Using platform encoding (Cp1252 actually) to copy filtered resources, i.e. build is platform dependent!
2018-04-03 00:40:55,946 [Worker-415] INFO  o.e.m.c.i.embedder.EclipseLogger - Copying 0 resource
2018-04-03 00:40:55,947 [Worker-415] WARN  o.e.m.c.i.embedder.EclipseLogger - Using platform encoding (Cp1252 actually) to copy filtered resources, i.e. build is platform dependent!
2018-04-03 00:40:55,952 [Worker-415] INFO  o.e.m.c.i.embedder.EclipseLogger - skip non existing resourceDirectory C:\Users\Tri Cao\Desktop\Project\project-backend\src\test\resources
2018-04-03 00:41:02,307 [Worker-404] WARN  o.e.m.c.i.embedder.EclipseLogger - Using platform encoding (Cp1252 actually) to copy filtered resources, i.e. build is platform dependent!
2018-04-03 00:41:02,313 [Worker-404] INFO  o.e.m.c.i.embedder.EclipseLogger - Copying 0 resource
2018-04-03 00:41:02,319 [Worker-404] WARN  o.e.m.c.i.embedder.EclipseLogger - Using platform encoding (Cp1252 actually) to copy filtered resources, i.e. build is platform dependent!
2018-04-03 00:41:02,325 [Worker-404] INFO  o.e.m.c.i.embedder.EclipseLogger - skip non existing resourceDirectory C:\Users\Tri Cao\Desktop\Project\project-backend\src\test\resources
2018-04-03 00:47:43,998 [Worker-412] INFO  o.e.m.c.i.l.LifecycleMappingFactory - Using org.maven.ide.eclipse.wtp.WarLifecycleMapping lifecycle mapping for MavenProject: com.carleton.comp3000:project-backend:0.0.1-SNAPSHOT @ C:\Users\Tri Cao\Desktop\Project\project-backend\pom.xml.
2018-04-03 00:47:44,214 [Worker-412] WARN  o.e.m.c.i.embedder.EclipseLogger - Using platform encoding (Cp1252 actually) to copy filtered resources, i.e. build is platform dependent!
2018-04-03 00:47:44,223 [Worker-412] INFO  o.e.m.c.i.embedder.EclipseLogger - Copying 0 resource
2018-04-03 00:47:44,228 [Worker-412] WARN  o.e.m.c.i.embedder.EclipseLogger - Using platform encoding (Cp1252 actually) to copy filtered resources, i.e. build is platform dependent!
2018-04-03 00:47:44,237 [Worker-412] INFO  o.e.m.c.i.embedder.EclipseLogger - skip non existing resourceDirectory C:\Users\Tri Cao\Desktop\Project\project-backend\src\test\resources
2018-04-03 00:47:44,237 [Worker-412] INFO  o.e.m.w.i.f.ResourceFilteringBuildParticipant - Changed resources require a complete clean of filtered resources of project-backend
2018-04-03 00:47:44,241 [Worker-412] INFO  o.e.m.w.i.f.ResourceFilteringBuildParticipant - Executing resource filtering for project-backend
2018-04-03 00:47:44,243 [Worker-412] WARN  o.e.m.c.i.embedder.EclipseLogger - Using platform encoding (Cp1252 actually) to copy filtered resources, i.e. build is platform dependent!
2018-04-03 00:47:45,592 [Worker-415] WARN  o.e.m.c.i.embedder.EclipseLogger - Using platform encoding (Cp1252 actually) to copy filtered resources, i.e. build is platform dependent!
2018-04-03 00:47:45,597 [Worker-415] INFO  o.e.m.c.i.embedder.EclipseLogger - Copying 0 resource
2018-04-03 00:47:45,598 [Worker-415] WARN  o.e.m.c.i.embedder.EclipseLogger - Using platform encoding (Cp1252 actually) to copy filtered resources, i.e. build is platform dependent!
2018-04-03 00:47:45,603 [Worker-415] INFO  o.e.m.c.i.embedder.EclipseLogger - skip non existing resourceDirectory C:\Users\Tri Cao\Desktop\Project\project-backend\src\test\resources
2018-04-03 00:48:17,743 [Worker-410] INFO  o.e.m.c.i.l.LifecycleMappingFactory - Using org.maven.ide.eclipse.wtp.WarLifecycleMapping lifecycle mapping for MavenProject: com.carleton.comp3000:project-backend:0.0.1-SNAPSHOT @ C:\Users\Tri Cao\Desktop\Project\project-backend\pom.xml.
2018-04-03 00:48:18,100 [Worker-410] INFO  o.e.m.c.i.e.AbstractTransferListenerAdapter - Downloading https://repo.maven.apache.org/maven2/org/glassfish/jersey/bundles/jaxrs-ri/2.13/jaxrs-ri-2.13.pom
2018-04-03 00:48:18,192 [Worker-410] INFO  o.e.m.c.i.e.AbstractTransferListenerAdapter - Downloaded https://repo.maven.apache.org/maven2/org/glassfish/jersey/bundles/jaxrs-ri/2.13/jaxrs-ri-2.13.pom
2018-04-03 00:48:18,239 [Worker-410] INFO  o.e.m.c.i.e.AbstractTransferListenerAdapter - Downloading https://repo.maven.apache.org/maven2/org/glassfish/jersey/bundles/project/2.13/project-2.13.pom
2018-04-03 00:48:18,295 [Worker-410] INFO  o.e.m.c.i.e.AbstractTransferListenerAdapter - Downloaded https://repo.maven.apache.org/maven2/org/glassfish/jersey/bundles/project/2.13/project-2.13.pom
2018-04-03 00:48:18,358 [Worker-410] INFO  o.e.m.c.i.e.AbstractTransferListenerAdapter - Downloading https://repo.maven.apache.org/maven2/org/glassfish/jersey/project/2.13/project-2.13.pom
2018-04-03 00:48:18,465 [Worker-410] INFO  o.e.m.c.i.e.AbstractTransferListenerAdapter - Downloaded https://repo.maven.apache.org/maven2/org/glassfish/jersey/project/2.13/project-2.13.pom
2018-04-03 00:48:18,518 [Worker-410] INFO  o.e.m.c.i.e.AbstractTransferListenerAdapter - Downloading https://repo.maven.apache.org/maven2/org/glassfish/hk2/hk2-bom/2.3.0-b10/hk2-bom-2.3.0-b10.pom
2018-04-03 00:48:18,574 [Worker-410] INFO  o.e.m.c.i.e.AbstractTransferListenerAdapter - Downloaded https://repo.maven.apache.org/maven2/org/glassfish/hk2/hk2-bom/2.3.0-b10/hk2-bom-2.3.0-b10.pom
2018-04-03 00:48:18,624 [Worker-410] INFO  o.e.m.c.i.e.AbstractTransferListenerAdapter - Downloading https://repo.maven.apache.org/maven2/javax/ws/rs/javax.ws.rs-api/2.0.1/javax.ws.rs-api-2.0.1.pom
2018-04-03 00:48:18,675 [Worker-410] INFO  o.e.m.c.i.e.AbstractTransferListenerAdapter - Downloaded https://repo.maven.apache.org/maven2/javax/ws/rs/javax.ws.rs-api/2.0.1/javax.ws.rs-api-2.0.1.pom
2018-04-03 00:48:18,724 [Worker-410] INFO  o.e.m.c.i.e.AbstractTransferListenerAdapter - Downloading https://repo.maven.apache.org/maven2/org/glassfish/jersey/core/jersey-common/2.13/jersey-common-2.13.pom
2018-04-03 00:48:18,779 [Worker-410] INFO  o.e.m.c.i.e.AbstractTransferListenerAdapter - Downloaded https://repo.maven.apache.org/maven2/org/glassfish/jersey/core/jersey-common/2.13/jersey-common-2.13.pom
2018-04-03 00:48:18,834 [Worker-410] INFO  o.e.m.c.i.e.AbstractTransferListenerAdapter - Downloading https://repo.maven.apache.org/maven2/org/glassfish/jersey/bundles/repackaged/jersey-guava/2.13/jersey-guava-2.13.pom
2018-04-03 00:48:18,886 [Worker-410] INFO  o.e.m.c.i.e.AbstractTransferListenerAdapter - Downloaded https://repo.maven.apache.org/maven2/org/glassfish/jersey/bundles/repackaged/jersey-guava/2.13/jersey-guava-2.13.pom
2018-04-03 00:48:18,933 [Worker-410] INFO  o.e.m.c.i.e.AbstractTransferListenerAdapter - Downloading https://repo.maven.apache.org/maven2/org/glassfish/jersey/bundles/repackaged/project/2.13/project-2.13.pom
2018-04-03 00:48:18,986 [Worker-410] INFO  o.e.m.c.i.e.AbstractTransferListenerAdapter - Downloaded https://repo.maven.apache.org/maven2/org/glassfish/jersey/bundles/repackaged/project/2.13/project-2.13.pom
2018-04-03 00:48:19,043 [Worker-410] INFO  o.e.m.c.i.e.AbstractTransferListenerAdapter - Downloading https://repo.maven.apache.org/maven2/org/glassfish/hk2/hk2-api/2.3.0-b10/hk2-api-2.3.0-b10.pom
2018-04-03 00:48:19,100 [Worker-410] INFO  o.e.m.c.i.e.AbstractTransferListenerAdapter - Downloaded https://repo.maven.apache.org/maven2/org/glassfish/hk2/hk2-api/2.3.0-b10/hk2-api-2.3.0-b10.pom
2018-04-03 00:48:19,146 [Worker-410] INFO  o.e.m.c.i.e.AbstractTransferListenerAdapter - Downloading https://repo.maven.apache.org/maven2/org/glassfish/hk2/hk2-parent/2.3.0-b10/hk2-parent-2.3.0-b10.pom
2018-04-03 00:48:19,228 [Worker-410] INFO  o.e.m.c.i.e.AbstractTransferListenerAdapter - Downloaded https://repo.maven.apache.org/maven2/org/glassfish/hk2/hk2-parent/2.3.0-b10/hk2-parent-2.3.0-b10.pom
2018-04-03 00:48:19,277 [Worker-410] INFO  o.e.m.c.i.e.AbstractTransferListenerAdapter - Downloading https://repo.maven.apache.org/maven2/org/glassfish/hk2/hk2-utils/2.3.0-b10/hk2-utils-2.3.0-b10.pom
2018-04-03 00:48:19,366 [Worker-410] INFO  o.e.m.c.i.e.AbstractTransferListenerAdapter - Downloaded https://repo.maven.apache.org/maven2/org/glassfish/hk2/hk2-utils/2.3.0-b10/hk2-utils-2.3.0-b10.pom
2018-04-03 00:48:19,418 [Worker-410] INFO  o.e.m.c.i.e.AbstractTransferListenerAdapter - Downloading https://repo.maven.apache.org/maven2/org/glassfish/hk2/external/aopalliance-repackaged/2.3.0-b10/aopalliance-repackaged-2.3.0-b10.pom
2018-04-03 00:48:19,467 [Worker-410] INFO  o.e.m.c.i.e.AbstractTransferListenerAdapter - Downloaded https://repo.maven.apache.org/maven2/org/glassfish/hk2/external/aopalliance-repackaged/2.3.0-b10/aopalliance-repackaged-2.3.0-b10.pom
2018-04-03 00:48:19,516 [Worker-410] INFO  o.e.m.c.i.e.AbstractTransferListenerAdapter - Downloading https://repo.maven.apache.org/maven2/org/glassfish/hk2/external/2.3.0-b10/external-2.3.0-b10.pom
2018-04-03 00:48:19,566 [Worker-410] INFO  o.e.m.c.i.e.AbstractTransferListenerAdapter - Downloaded https://repo.maven.apache.org/maven2/org/glassfish/hk2/external/2.3.0-b10/external-2.3.0-b10.pom
2018-04-03 00:48:19,612 [Worker-410] INFO  o.e.m.c.i.e.AbstractTransferListenerAdapter - Downloading https://repo.maven.apache.org/maven2/org/glassfish/hk2/external/javax.inject/2.3.0-b10/javax.inject-2.3.0-b10.pom
2018-04-03 00:48:19,659 [Worker-410] INFO  o.e.m.c.i.e.AbstractTransferListenerAdapter - Downloaded https://repo.maven.apache.org/maven2/org/glassfish/hk2/external/javax.inject/2.3.0-b10/javax.inject-2.3.0-b10.pom
2018-04-03 00:48:19,706 [Worker-410] INFO  o.e.m.c.i.e.AbstractTransferListenerAdapter - Downloading https://repo.maven.apache.org/maven2/org/glassfish/hk2/hk2-locator/2.3.0-b10/hk2-locator-2.3.0-b10.pom
2018-04-03 00:48:19,787 [Worker-410] INFO  o.e.m.c.i.e.AbstractTransferListenerAdapter - Downloaded https://repo.maven.apache.org/maven2/org/glassfish/hk2/hk2-locator/2.3.0-b10/hk2-locator-2.3.0-b10.pom
2018-04-03 00:48:19,833 [Worker-410] INFO  o.e.m.c.i.e.AbstractTransferListenerAdapter - Downloading https://repo.maven.apache.org/maven2/org/javassist/javassist/3.18.1-GA/javassist-3.18.1-GA.pom
2018-04-03 00:48:19,883 [Worker-410] INFO  o.e.m.c.i.e.AbstractTransferListenerAdapter - Downloaded https://repo.maven.apache.org/maven2/org/javassist/javassist/3.18.1-GA/javassist-3.18.1-GA.pom
2018-04-03 00:48:19,930 [Worker-410] INFO  o.e.m.c.i.e.AbstractTransferListenerAdapter - Downloading https://repo.maven.apache.org/maven2/org/glassfish/jersey/core/jersey-client/2.13/jersey-client-2.13.pom
2018-04-03 00:48:19,985 [Worker-410] INFO  o.e.m.c.i.e.AbstractTransferListenerAdapter - Downloaded https://repo.maven.apache.org/maven2/org/glassfish/jersey/core/jersey-client/2.13/jersey-client-2.13.pom
2018-04-03 00:48:20,032 [Worker-410] INFO  o.e.m.c.i.e.AbstractTransferListenerAdapter - Downloading https://repo.maven.apache.org/maven2/org/glassfish/jersey/core/jersey-server/2.13/jersey-server-2.13.pom
2018-04-03 00:48:20,084 [Worker-410] INFO  o.e.m.c.i.e.AbstractTransferListenerAdapter - Downloaded https://repo.maven.apache.org/maven2/org/glassfish/jersey/core/jersey-server/2.13/jersey-server-2.13.pom
2018-04-03 00:48:20,132 [Worker-410] INFO  o.e.m.c.i.e.AbstractTransferListenerAdapter - Downloading https://repo.maven.apache.org/maven2/org/glassfish/jersey/containers/jersey-container-servlet-core/2.13/jersey-container-servlet-core-2.13.pom
2018-04-03 00:48:20,184 [Worker-410] INFO  o.e.m.c.i.e.AbstractTransferListenerAdapter - Downloaded https://repo.maven.apache.org/maven2/org/glassfish/jersey/containers/jersey-container-servlet-core/2.13/jersey-container-servlet-core-2.13.pom
2018-04-03 00:48:20,232 [Worker-410] INFO  o.e.m.c.i.e.AbstractTransferListenerAdapter - Downloading https://repo.maven.apache.org/maven2/org/glassfish/jersey/containers/project/2.13/project-2.13.pom
2018-04-03 00:48:20,283 [Worker-410] INFO  o.e.m.c.i.e.AbstractTransferListenerAdapter - Downloaded https://repo.maven.apache.org/maven2/org/glassfish/jersey/containers/project/2.13/project-2.13.pom
2018-04-03 00:48:20,331 [Worker-410] INFO  o.e.m.c.i.e.AbstractTransferListenerAdapter - Downloading https://repo.maven.apache.org/maven2/org/glassfish/jersey/containers/jersey-container-servlet/2.13/jersey-container-servlet-2.13.pom
2018-04-03 00:48:20,387 [Worker-410] INFO  o.e.m.c.i.e.AbstractTransferListenerAdapter - Downloaded https://repo.maven.apache.org/maven2/org/glassfish/jersey/containers/jersey-container-servlet/2.13/jersey-container-servlet-2.13.pom
2018-04-03 00:48:20,689 [Worker-410] INFO  o.e.m.c.i.e.AbstractTransferListenerAdapter - Downloading https://repo.maven.apache.org/maven2/org/glassfish/jersey/bundles/jaxrs-ri/2.13/jaxrs-ri-2.13.jar
2018-04-03 00:48:21,068 [Worker-410] INFO  o.e.m.c.i.e.AbstractTransferListenerAdapter - Downloaded https://repo.maven.apache.org/maven2/org/glassfish/jersey/bundles/jaxrs-ri/2.13/jaxrs-ri-2.13.jar
2018-04-03 00:48:21,110 [Worker-410] INFO  o.e.m.c.i.e.AbstractTransferListenerAdapter - Downloading https://repo.maven.apache.org/maven2/javax/ws/rs/javax.ws.rs-api/2.0.1/javax.ws.rs-api-2.0.1-sources.jar
2018-04-03 00:48:21,181 [Worker-410] INFO  o.e.m.c.i.e.AbstractTransferListenerAdapter - Downloaded https://repo.maven.apache.org/maven2/javax/ws/rs/javax.ws.rs-api/2.0.1/javax.ws.rs-api-2.0.1-sources.jar
2018-04-03 00:48:21,227 [Worker-410] INFO  o.e.m.c.i.e.AbstractTransferListenerAdapter - Downloading https://repo.maven.apache.org/maven2/org/glassfish/jersey/containers/jersey-container-servlet-core/2.13/jersey-container-servlet-core-2.13.jar
2018-04-03 00:48:21,281 [Worker-410] INFO  o.e.m.c.i.e.AbstractTransferListenerAdapter - Downloaded https://repo.maven.apache.org/maven2/org/glassfish/jersey/containers/jersey-container-servlet-core/2.13/jersey-container-servlet-core-2.13.jar
2018-04-03 00:48:21,318 [Worker-410] INFO  o.e.m.c.i.e.AbstractTransferListenerAdapter - Downloading https://repo.maven.apache.org/maven2/org/glassfish/jersey/containers/jersey-container-servlet/2.13/jersey-container-servlet-2.13.jar
2018-04-03 00:48:21,439 [Worker-410] INFO  o.e.m.c.i.e.AbstractTransferListenerAdapter - Downloaded https://repo.maven.apache.org/maven2/org/glassfish/jersey/containers/jersey-container-servlet/2.13/jersey-container-servlet-2.13.jar
2018-04-03 00:48:21,533 [Worker-410] INFO  o.e.m.c.i.e.AbstractTransferListenerAdapter - Downloading https://repo.maven.apache.org/maven2/org/glassfish/jersey/core/jersey-common/2.13/jersey-common-2.13-sources.jar
2018-04-03 00:48:21,647 [Worker-410] INFO  o.e.m.c.i.e.AbstractTransferListenerAdapter - Downloaded https://repo.maven.apache.org/maven2/org/glassfish/jersey/core/jersey-common/2.13/jersey-common-2.13-sources.jar
2018-04-03 00:48:21,681 [Worker-410] INFO  o.e.m.c.i.e.AbstractTransferListenerAdapter - Downloading https://repo.maven.apache.org/maven2/org/glassfish/jersey/bundles/repackaged/jersey-guava/2.13/jersey-guava-2.13.jar
2018-04-03 00:48:21,838 [Worker-410] INFO  o.e.m.c.i.e.AbstractTransferListenerAdapter - Downloaded https://repo.maven.apache.org/maven2/org/glassfish/jersey/bundles/repackaged/jersey-guava/2.13/jersey-guava-2.13.jar
2018-04-03 00:48:21,879 [Worker-410] INFO  o.e.m.c.i.e.AbstractTransferListenerAdapter - Downloading https://repo.maven.apache.org/maven2/org/glassfish/hk2/hk2-api/2.3.0-b10/hk2-api-2.3.0-b10.jar
2018-04-03 00:48:21,944 [Worker-410] INFO  o.e.m.c.i.e.AbstractTransferListenerAdapter - Downloaded https://repo.maven.apache.org/maven2/org/glassfish/hk2/hk2-api/2.3.0-b10/hk2-api-2.3.0-b10.jar
2018-04-03 00:48:21,982 [Worker-410] INFO  o.e.m.c.i.e.AbstractTransferListenerAdapter - Downloading https://repo.maven.apache.org/maven2/org/glassfish/hk2/hk2-utils/2.3.0-b10/hk2-utils-2.3.0-b10.jar
2018-04-03 00:48:22,041 [Worker-410] INFO  o.e.m.c.i.e.AbstractTransferListenerAdapter - Downloaded https://repo.maven.apache.org/maven2/org/glassfish/hk2/hk2-utils/2.3.0-b10/hk2-utils-2.3.0-b10.jar
2018-04-03 00:48:22,079 [Worker-410] INFO  o.e.m.c.i.e.AbstractTransferListenerAdapter - Downloading https://repo.maven.apache.org/maven2/org/glassfish/hk2/external/aopalliance-repackaged/2.3.0-b10/aopalliance-repackaged-2.3.0-b10.jar
2018-04-03 00:48:22,199 [Worker-410] INFO  o.e.m.c.i.e.AbstractTransferListenerAdapter - Downloaded https://repo.maven.apache.org/maven2/org/glassfish/hk2/external/aopalliance-repackaged/2.3.0-b10/aopalliance-repackaged-2.3.0-b10.jar
2018-04-03 00:48:22,241 [Worker-410] INFO  o.e.m.c.i.e.AbstractTransferListenerAdapter - Downloading https://repo.maven.apache.org/maven2/org/glassfish/hk2/hk2-locator/2.3.0-b10/hk2-locator-2.3.0-b10.jar
2018-04-03 00:48:22,304 [Worker-410] INFO  o.e.m.c.i.e.AbstractTransferListenerAdapter - Downloaded https://repo.maven.apache.org/maven2/org/glassfish/hk2/hk2-locator/2.3.0-b10/hk2-locator-2.3.0-b10.jar
2018-04-03 00:48:22,342 [Worker-410] INFO  o.e.m.c.i.e.AbstractTransferListenerAdapter - Downloading https://repo.maven.apache.org/maven2/org/javassist/javassist/3.18.1-GA/javassist-3.18.1-GA.jar
2018-04-03 00:48:22,466 [Worker-410] INFO  o.e.m.c.i.e.AbstractTransferListenerAdapter - Downloaded https://repo.maven.apache.org/maven2/org/javassist/javassist/3.18.1-GA/javassist-3.18.1-GA.jar
2018-04-03 00:48:22,503 [Worker-410] INFO  o.e.m.c.i.e.AbstractTransferListenerAdapter - Downloading https://repo.maven.apache.org/maven2/org/glassfish/jersey/core/jersey-client/2.13/jersey-client-2.13-sources.jar
2018-04-03 00:48:22,562 [Worker-410] INFO  o.e.m.c.i.e.AbstractTransferListenerAdapter - Downloaded https://repo.maven.apache.org/maven2/org/glassfish/jersey/core/jersey-client/2.13/jersey-client-2.13-sources.jar
2018-04-03 00:48:22,637 [Worker-410] INFO  o.e.m.c.i.e.AbstractTransferListenerAdapter - Downloading https://repo.maven.apache.org/maven2/org/glassfish/jersey/core/jersey-server/2.13/jersey-server-2.13-sources.jar
2018-04-03 00:48:23,994 [Worker-410] INFO  o.e.m.c.i.e.AbstractTransferListenerAdapter - Downloaded https://repo.maven.apache.org/maven2/org/glassfish/jersey/core/jersey-server/2.13/jersey-server-2.13-sources.jar
2018-04-03 00:48:24,038 [Worker-410] INFO  o.e.m.c.i.e.AbstractTransferListenerAdapter - Downloading https://repo.maven.apache.org/maven2/org/glassfish/jersey/containers/jersey-container-servlet-core/2.13/jersey-container-servlet-core-2.13-sources.jar
2018-04-03 00:48:24,093 [Worker-410] INFO  o.e.m.c.i.e.AbstractTransferListenerAdapter - Downloaded https://repo.maven.apache.org/maven2/org/glassfish/jersey/containers/jersey-container-servlet-core/2.13/jersey-container-servlet-core-2.13-sources.jar
2018-04-03 00:48:24,134 [Worker-410] INFO  o.e.m.c.i.e.AbstractTransferListenerAdapter - Downloading https://repo.maven.apache.org/maven2/org/glassfish/jersey/containers/jersey-container-servlet/2.13/jersey-container-servlet-2.13-sources.jar
2018-04-03 00:48:24,227 [Worker-410] INFO  o.e.m.c.i.e.AbstractTransferListenerAdapter - Downloaded https://repo.maven.apache.org/maven2/org/glassfish/jersey/containers/jersey-container-servlet/2.13/jersey-container-servlet-2.13-sources.jar
2018-04-03 00:48:25,861 [Worker-410] WARN  o.e.m.c.i.embedder.EclipseLogger - Using platform encoding (Cp1252 actually) to copy filtered resources, i.e. build is platform dependent!
2018-04-03 00:48:25,870 [Worker-410] INFO  o.e.m.c.i.embedder.EclipseLogger - Copying 0 resource
2018-04-03 00:48:25,886 [Worker-410] WARN  o.e.m.c.i.embedder.EclipseLogger - Using platform encoding (Cp1252 actually) to copy filtered resources, i.e. build is platform dependent!
2018-04-03 00:48:25,915 [Worker-410] INFO  o.e.m.c.i.embedder.EclipseLogger - skip non existing resourceDirectory C:\Users\Tri Cao\Desktop\Project\project-backend\src\test\resources
2018-04-03 00:48:25,916 [Worker-410] INFO  o.e.m.w.i.f.ResourceFilteringBuildParticipant - Changed resources require a complete clean of filtered resources of project-backend
2018-04-03 00:48:25,921 [Worker-410] INFO  o.e.m.w.i.f.ResourceFilteringBuildParticipant - Executing resource filtering for project-backend
2018-04-03 00:48:25,923 [Worker-410] WARN  o.e.m.c.i.embedder.EclipseLogger - Using platform encoding (Cp1252 actually) to copy filtered resources, i.e. build is platform dependent!
2018-04-03 00:48:27,953 [Worker-414] WARN  o.e.m.c.i.embedder.EclipseLogger - Using platform encoding (Cp1252 actually) to copy filtered resources, i.e. build is platform dependent!
2018-04-03 00:48:27,958 [Worker-414] INFO  o.e.m.c.i.embedder.EclipseLogger - Copying 0 resource
2018-04-03 00:48:27,963 [Worker-414] WARN  o.e.m.c.i.embedder.EclipseLogger - Using platform encoding (Cp1252 actually) to copy filtered resources, i.e. build is platform dependent!
2018-04-03 00:48:27,967 [Worker-414] INFO  o.e.m.c.i.embedder.EclipseLogger - skip non existing resourceDirectory C:\Users\Tri Cao\Desktop\Project\project-backend\src\test\resources
2018-04-03 03:07:28,532 [Worker-3] INFO  c.g.t.t.d.PublishedGradleVersions - Gradle version information cache is up-to-date. Trying to read.
2018-04-03 03:07:32,601 [Worker-7] ERROR o.e.m2e.editor.pom.MavenPomEditor - failed to load maven project for org.eclipse.ui.part.FileEditorInput(/project-backend/pom.xml)
org.eclipse.core.runtime.CoreException: Could not read maven project
	at org.eclipse.m2e.core.internal.project.registry.ProjectRegistryManager.readProjectWithDependencies(ProjectRegistryManager.java:804) ~[na:na]
	at org.eclipse.m2e.core.internal.project.registry.ProjectRegistryManager$6.call(ProjectRegistryManager.java:1010) ~[na:na]
	at org.eclipse.m2e.core.internal.project.registry.ProjectRegistryManager$6.call(ProjectRegistryManager.java:1) ~[na:na]
	at com.google.common.cache.LocalCache$LocalManualCache$1.load(LocalCache.java:5065) ~[na:na]
	at com.google.common.cache.LocalCache$LoadingValueReference.loadFuture(LocalCache.java:3716) ~[na:na]
	at com.google.common.cache.LocalCache$Segment.loadSync(LocalCache.java:2424) ~[na:na]
	at com.google.common.cache.LocalCache$Segment.lockedGetOrLoad(LocalCache.java:2298) ~[na:na]
	at com.google.common.cache.LocalCache$Segment.get(LocalCache.java:2211) ~[na:na]
	at com.google.common.cache.LocalCache.get(LocalCache.java:4154) ~[na:na]
	at com.google.common.cache.LocalCache$LocalManualCache.get(LocalCache.java:5060) ~[na:na]
	at org.eclipse.m2e.core.internal.project.registry.ProjectRegistryManager.getMavenProject(ProjectRegistryManager.java:1008) ~[na:na]
	at org.eclipse.m2e.core.internal.project.registry.MavenProjectFacade.getMavenProject(MavenProjectFacade.java:242) ~[na:na]
	at org.eclipse.m2e.core.ui.internal.actions.SelectionUtil.getMavenProject(SelectionUtil.java:261) ~[org.eclipse.m2e.core.ui_1.8.2.20171007-0217.jar:na]
	at org.eclipse.m2e.editor.pom.MavenPomEditor.readMavenProject(MavenPomEditor.java:742) ~[na:na]
	at org.eclipse.m2e.editor.pom.MavenPomEditor$5.run(MavenPomEditor.java:1077) ~[na:na]
	at org.eclipse.core.internal.jobs.Worker.run(Worker.java:56) [org.eclipse.core.jobs_3.9.2.v20171030-1027.jar:na]
2018-04-03 03:07:37,983 [Worker-16] INFO  o.e.m.c.i.l.LifecycleMappingFactory - Using org.maven.ide.eclipse.wtp.WarLifecycleMapping lifecycle mapping for MavenProject: com.carleton.comp3000:minix-web-service:0.0.1-SNAPSHOT @ C:\Users\Tri Cao\Desktop\Project\minix-web-service\pom.xml.
2018-04-03 03:07:40,503 [Worker-16] INFO  o.e.m.c.i.embedder.EclipseLogger - Using 'UTF-8' encoding to copy filtered resources.
2018-04-03 03:07:40,507 [Worker-16] INFO  o.e.m.c.i.embedder.EclipseLogger - Copying 0 resource
2018-04-03 03:07:40,510 [Worker-16] INFO  o.e.m.c.i.embedder.EclipseLogger - Using 'UTF-8' encoding to copy filtered resources.
2018-04-03 03:07:40,510 [Worker-16] INFO  o.e.m.c.i.embedder.EclipseLogger - skip non existing resourceDirectory C:\Users\Tri Cao\Desktop\Project\minix-web-service\src\test\resources
2018-04-03 03:07:40,513 [Worker-16] INFO  o.e.m.w.i.f.ResourceFilteringBuildParticipant - Changed resources require a complete clean of filtered resources of minix-web-service
2018-04-03 03:07:40,514 [Worker-16] INFO  o.e.m.w.i.f.ResourceFilteringBuildParticipant - Executing resource filtering for minix-web-service
2018-04-03 03:07:40,519 [Worker-16] INFO  o.e.m.c.i.embedder.EclipseLogger - Using 'UTF-8' encoding to copy filtered resources.
2018-04-03 03:07:42,129 [Worker-15] INFO  o.e.m.c.i.embedder.EclipseLogger - Using 'UTF-8' encoding to copy filtered resources.
2018-04-03 03:07:42,131 [Worker-15] INFO  o.e.m.c.i.embedder.EclipseLogger - Copying 0 resource
2018-04-03 03:07:42,133 [Worker-15] INFO  o.e.m.c.i.embedder.EclipseLogger - Using 'UTF-8' encoding to copy filtered resources.
2018-04-03 03:07:42,143 [Worker-15] INFO  o.e.m.c.i.embedder.EclipseLogger - skip non existing resourceDirectory C:\Users\Tri Cao\Desktop\Project\minix-web-service\src\test\resources
2018-04-03 03:08:51,295 [Worker-18] INFO  o.e.m.c.i.l.LifecycleMappingFactory - Using org.maven.ide.eclipse.wtp.WarLifecycleMapping lifecycle mapping for MavenProject: com.carleton.comp3000:minix-web-service:0.0.1-SNAPSHOT @ C:\Users\Tri Cao\Desktop\Project\back-end\pom.xml.
2018-04-03 03:08:52,246 [Worker-18] INFO  o.e.m.j.i.AbstractJavaProjectConfigurator - Adding source folder /back-end/src/main/java
2018-04-03 03:08:52,252 [Worker-18] INFO  o.e.m.j.i.AbstractJavaProjectConfigurator - Adding resource folder /back-end/src/main/resources
2018-04-03 03:08:52,253 [Worker-18] INFO  o.e.m.j.i.AbstractJavaProjectConfigurator - Adding source folder /back-end/src/test/java
2018-04-03 03:08:53,205 [Worker-18] INFO  o.e.m.c.i.p.ProjectConfigurationManager - Imported and configured 1 project(s) in 2 sec
2018-04-03 03:08:54,679 [Worker-0] INFO  o.e.m.c.i.embedder.EclipseLogger - Using 'UTF-8' encoding to copy filtered resources.
2018-04-03 03:08:54,699 [Worker-0] INFO  o.e.m.c.i.embedder.EclipseLogger - Copying 0 resource
2018-04-03 03:08:54,706 [Worker-0] INFO  o.e.m.c.i.embedder.EclipseLogger - Using 'UTF-8' encoding to copy filtered resources.
2018-04-03 03:08:54,731 [Worker-0] INFO  o.e.m.c.i.embedder.EclipseLogger - skip non existing resourceDirectory C:\Users\Tri Cao\Desktop\Project\back-end\src\test\resources
2018-04-03 03:14:56,013 [Worker-1] INFO  c.g.t.t.d.PublishedGradleVersions - Gradle version information cache is up-to-date. Trying to read.
2018-04-03 03:15:00,176 [Worker-6] INFO  o.e.m.c.i.embedder.EclipseLogger - Using 'UTF-8' encoding to copy filtered resources.
2018-04-03 03:15:00,209 [Worker-6] INFO  o.e.m.c.i.embedder.EclipseLogger - Copying 0 resource
2018-04-03 03:15:00,213 [Worker-6] INFO  o.e.m.c.i.embedder.EclipseLogger - Using 'UTF-8' encoding to copy filtered resources.
2018-04-03 03:15:00,214 [Worker-6] INFO  o.e.m.c.i.embedder.EclipseLogger - skip non existing resourceDirectory C:\Users\Tri Cao\Desktop\Project\back-end\src\test\resources
2018-04-03 03:17:43,055 [Worker-9] INFO  o.e.m.c.i.embedder.EclipseLogger - Using 'UTF-8' encoding to copy filtered resources.
2018-04-03 03:17:43,060 [Worker-9] INFO  o.e.m.c.i.embedder.EclipseLogger - Copying 0 resource
2018-04-03 03:17:43,062 [Worker-9] INFO  o.e.m.c.i.embedder.EclipseLogger - Using 'UTF-8' encoding to copy filtered resources.
2018-04-03 03:17:43,062 [Worker-9] INFO  o.e.m.c.i.embedder.EclipseLogger - skip non existing resourceDirectory C:\Users\Tri Cao\Desktop\Project\back-end\src\test\resources
2018-04-03 03:17:53,230 [Worker-4] INFO  o.e.m.c.i.embedder.EclipseLogger - Using 'UTF-8' encoding to copy filtered resources.
2018-04-03 03:17:53,231 [Worker-4] INFO  o.e.m.c.i.embedder.EclipseLogger - Copying 0 resource
2018-04-03 03:17:53,232 [Worker-4] INFO  o.e.m.c.i.embedder.EclipseLogger - Using 'UTF-8' encoding to copy filtered resources.
2018-04-03 03:17:53,232 [Worker-4] INFO  o.e.m.c.i.embedder.EclipseLogger - skip non existing resourceDirectory C:\Users\Tri Cao\Desktop\Project\back-end\src\test\resources
2018-04-03 03:18:02,037 [Worker-4] INFO  o.e.m.c.i.embedder.EclipseLogger - Using 'UTF-8' encoding to copy filtered resources.
2018-04-03 03:18:02,037 [Worker-4] INFO  o.e.m.c.i.embedder.EclipseLogger - Copying 0 resource
2018-04-03 03:18:02,038 [Worker-4] INFO  o.e.m.c.i.embedder.EclipseLogger - Using 'UTF-8' encoding to copy filtered resources.
2018-04-03 03:18:02,044 [Worker-4] INFO  o.e.m.c.i.embedder.EclipseLogger - skip non existing resourceDirectory C:\Users\Tri Cao\Desktop\Project\back-end\src\test\resources
2018-04-03 03:18:23,218 [Worker-12] INFO  o.e.m.c.i.embedder.EclipseLogger - Using 'UTF-8' encoding to copy filtered resources.
2018-04-03 03:18:23,218 [Worker-12] INFO  o.e.m.c.i.embedder.EclipseLogger - Copying 0 resource
2018-04-03 03:18:23,219 [Worker-12] INFO  o.e.m.c.i.embedder.EclipseLogger - Using 'UTF-8' encoding to copy filtered resources.
2018-04-03 03:18:23,241 [Worker-12] INFO  o.e.m.c.i.embedder.EclipseLogger - skip non existing resourceDirectory C:\Users\Tri Cao\Desktop\Project\back-end\src\test\resources
2018-04-03 03:18:52,005 [Worker-8] INFO  o.e.m.c.i.embedder.EclipseLogger - Using 'UTF-8' encoding to copy filtered resources.
2018-04-03 03:18:52,013 [Worker-8] INFO  o.e.m.c.i.embedder.EclipseLogger - Copying 0 resource
2018-04-03 03:18:52,018 [Worker-8] INFO  o.e.m.c.i.embedder.EclipseLogger - Using 'UTF-8' encoding to copy filtered resources.
2018-04-03 03:18:52,031 [Worker-8] INFO  o.e.m.c.i.embedder.EclipseLogger - skip non existing resourceDirectory C:\Users\Tri Cao\Desktop\Project\back-end\src\test\resources
2018-04-03 03:18:59,422 [Worker-12] INFO  o.e.m.c.i.embedder.EclipseLogger - Using 'UTF-8' encoding to copy filtered resources.
2018-04-03 03:18:59,423 [Worker-12] INFO  o.e.m.c.i.embedder.EclipseLogger - Copying 0 resource
2018-04-03 03:18:59,425 [Worker-12] INFO  o.e.m.c.i.embedder.EclipseLogger - Using 'UTF-8' encoding to copy filtered resources.
2018-04-03 03:18:59,430 [Worker-12] INFO  o.e.m.c.i.embedder.EclipseLogger - skip non existing resourceDirectory C:\Users\Tri Cao\Desktop\Project\back-end\src\test\resources
2018-04-03 03:19:59,632 [Worker-15] INFO  o.e.m.c.i.embedder.EclipseLogger - Using 'UTF-8' encoding to copy filtered resources.
2018-04-03 03:19:59,638 [Worker-15] INFO  o.e.m.c.i.embedder.EclipseLogger - Copying 0 resource
2018-04-03 03:19:59,645 [Worker-15] INFO  o.e.m.c.i.embedder.EclipseLogger - Using 'UTF-8' encoding to copy filtered resources.
2018-04-03 03:19:59,655 [Worker-15] INFO  o.e.m.c.i.embedder.EclipseLogger - skip non existing resourceDirectory C:\Users\Tri Cao\Desktop\Project\back-end\src\test\resources
